[0.000000] (-) TimerEvent: {}
[0.000186] (publisher_make_test) JobQueued: {'identifier': 'publisher_make_test', 'dependencies': OrderedDict()}
[0.000229] (publisher_make_test) JobStarted: {'identifier': 'publisher_make_test'}
[0.010586] (publisher_make_test) JobProgress: {'identifier': 'publisher_make_test', 'progress': 'cmake'}
[0.011069] (publisher_make_test) Command: {'cmd': ['/usr/bin/cmake', '/home/hycon/workspace/publisher_test/publisher_make_test', '-DCMAKE_INSTALL_PREFIX=/home/hycon/workspace/publisher_test/publisher_make_test/install/publisher_make_test'], 'cwd': '/home/hycon/workspace/publisher_test/publisher_make_test/build/publisher_make_test', 'env': OrderedDict([('LESSOPEN', '| /usr/bin/lesspipe %s'), ('LANGUAGE', 'en'), ('USER', 'hycon'), ('LC_TIME', 'ko_KR.UTF-8'), ('XDG_SESSION_TYPE', 'wayland'), ('SHLVL', '1'), ('LD_LIBRARY_PATH', '/opt/ros/humble/opt/rviz_ogre_vendor/lib:/opt/ros/humble/lib/x86_64-linux-gnu:/opt/ros/humble/lib'), ('HOME', '/home/hycon'), ('OLDPWD', '/home/hycon/workspace/publisher_test'), ('DESKTOP_SESSION', 'ubuntu'), ('ROS_PYTHON_VERSION', '3'), ('GNOME_SHELL_SESSION_MODE', 'ubuntu'), ('GTK_MODULES', 'gail:atk-bridge'), ('LC_MONETARY', 'ko_KR.UTF-8'), ('MANAGERPID', '970'), ('SYSTEMD_EXEC_PID', '1446'), ('DBUS_SESSION_BUS_ADDRESS', 'unix:path=/run/user/1000/bus'), ('COLORTERM', 'truecolor'), ('TERMINATOR_DBUS_NAME', 'net.tenshu.Terminator25ef4b219e3b005583550f2b0f9f990c3'), ('GIO_LAUNCHED_DESKTOP_FILE_PID', '3670'), ('IM_CONFIG_PHASE', '1'), ('WAYLAND_DISPLAY', 'wayland-0'), ('ROS_DISTRO', 'humble'), ('LOGNAME', 'hycon'), ('JOURNAL_STREAM', '8:9397'), ('_', '/usr/bin/colcon'), ('ROS_VERSION', '2'), ('XDG_SESSION_CLASS', 'user'), ('USERNAME', 'hycon'), ('TERM', 'xterm-256color'), ('GNOME_DESKTOP_SESSION_ID', 'this-is-deprecated'), ('ROS_LOCALHOST_ONLY', '0'), ('PATH', '/opt/ros/humble/bin:/home/hycon/.local/bin:/usr/local/sbin:/usr/local/bin:/usr/sbin:/usr/bin:/sbin:/bin:/usr/games:/usr/local/games:/snap/bin:/snap/bin'), ('SESSION_MANAGER', 'local/hycon:@/tmp/.ICE-unix/1176,unix/hycon:/tmp/.ICE-unix/1176'), ('INVOCATION_ID', '3f53ca6fe6e94c5f8ad60cad17e10c32'), ('PAPERSIZE', 'a4'), ('XDG_MENU_PREFIX', 'gnome-'), ('LC_ADDRESS', 'ko_KR.UTF-8'), ('GNOME_SETUP_DISPLAY', ':1'), ('XDG_RUNTIME_DIR', '/run/user/1000'), ('DISPLAY', ':0'), ('TERMINATOR_DBUS_PATH', '/net/tenshu/Terminator2'), ('LANG', 'en_US.UTF-8'), ('XDG_CURRENT_DESKTOP', 'ubuntu:GNOME'), ('IBUS_DISABLE_SNOOPER', '1'), ('LC_TELEPHONE', 'ko_KR.UTF-8'), ('XMODIFIERS', '@im=ibus'), ('XDG_SESSION_DESKTOP', 'ubuntu'), ('XAUTHORITY', '/run/user/1000/.mutter-Xwaylandauth.3W6M12'), ('LS_COLORS', 'rs=0:di=01;34:ln=01;36:mh=00:pi=40;33:so=01;35:do=01;35:bd=40;33;01:cd=40;33;01:or=40;31;01:mi=00:su=37;41:sg=30;43:ca=30;41:tw=30;42:ow=34;42:st=37;44:ex=01;32:*.tar=01;31:*.tgz=01;31:*.arc=01;31:*.arj=01;31:*.taz=01;31:*.lha=01;31:*.lz4=01;31:*.lzh=01;31:*.lzma=01;31:*.tlz=01;31:*.txz=01;31:*.tzo=01;31:*.t7z=01;31:*.zip=01;31:*.z=01;31:*.dz=01;31:*.gz=01;31:*.lrz=01;31:*.lz=01;31:*.lzo=01;31:*.xz=01;31:*.zst=01;31:*.tzst=01;31:*.bz2=01;31:*.bz=01;31:*.tbz=01;31:*.tbz2=01;31:*.tz=01;31:*.deb=01;31:*.rpm=01;31:*.jar=01;31:*.war=01;31:*.ear=01;31:*.sar=01;31:*.rar=01;31:*.alz=01;31:*.ace=01;31:*.zoo=01;31:*.cpio=01;31:*.7z=01;31:*.rz=01;31:*.cab=01;31:*.wim=01;31:*.swm=01;31:*.dwm=01;31:*.esd=01;31:*.jpg=01;35:*.jpeg=01;35:*.mjpg=01;35:*.mjpeg=01;35:*.gif=01;35:*.bmp=01;35:*.pbm=01;35:*.pgm=01;35:*.ppm=01;35:*.tga=01;35:*.xbm=01;35:*.xpm=01;35:*.tif=01;35:*.tiff=01;35:*.png=01;35:*.svg=01;35:*.svgz=01;35:*.mng=01;35:*.pcx=01;35:*.mov=01;35:*.mpg=01;35:*.mpeg=01;35:*.m2v=01;35:*.mkv=01;35:*.webm=01;35:*.webp=01;35:*.ogm=01;35:*.mp4=01;35:*.m4v=01;35:*.mp4v=01;35:*.vob=01;35:*.qt=01;35:*.nuv=01;35:*.wmv=01;35:*.asf=01;35:*.rm=01;35:*.rmvb=01;35:*.flc=01;35:*.avi=01;35:*.fli=01;35:*.flv=01;35:*.gl=01;35:*.dl=01;35:*.xcf=01;35:*.xwd=01;35:*.yuv=01;35:*.cgm=01;35:*.emf=01;35:*.ogv=01;35:*.ogx=01;35:*.aac=00;36:*.au=00;36:*.flac=00;36:*.m4a=00;36:*.mid=00;36:*.midi=00;36:*.mka=00;36:*.mp3=00;36:*.mpc=00;36:*.ogg=00;36:*.ra=00;36:*.wav=00;36:*.oga=00;36:*.opus=00;36:*.spx=00;36:*.xspf=00;36:'), ('SSH_AGENT_LAUNCHER', 'gnome-keyring'), ('SSH_AUTH_SOCK', '/run/user/1000/keyring/ssh'), ('AMENT_PREFIX_PATH', '/opt/ros/humble'), ('SHELL', '/bin/bash'), ('LC_NAME', 'ko_KR.UTF-8'), ('TERMINATOR_UUID', 'urn:uuid:c651ff32-dd31-4589-8208-22bdb2f28c57'), ('QT_ACCESSIBILITY', '1'), ('GDMSESSION', 'ubuntu'), ('LESSCLOSE', '/usr/bin/lesspipe %s %s'), ('LC_MEASUREMENT', 'ko_KR.UTF-8'), ('LC_IDENTIFICATION', 'ko_KR.UTF-8'), ('QT_IM_MODULE', 'ibus'), ('PWD', '/home/hycon/workspace/publisher_test/publisher_make_test/build/publisher_make_test'), ('LC_ALL', 'en_US.UTF-8'), ('XDG_CONFIG_DIRS', '/etc/xdg/xdg-ubuntu:/etc/xdg'), ('XDG_DATA_DIRS', '/usr/share/ubuntu:/usr/local/share/:/usr/share/:/var/lib/snapd/desktop'), ('PYTHONPATH', '/opt/ros/humble/lib/python3.10/site-packages:/opt/ros/humble/local/lib/python3.10/dist-packages'), ('LC_NUMERIC', 'ko_KR.UTF-8'), ('LC_PAPER', 'ko_KR.UTF-8'), ('COLCON', '1'), ('VTE_VERSION', '6800'), ('CMAKE_PREFIX_PATH', '/opt/ros/humble')]), 'shell': False}
[0.099438] (-) TimerEvent: {}
[0.117740] (publisher_make_test) StdoutLine: {'line': b'-- The C compiler identification is GNU 11.4.0\n'}
[0.183327] (publisher_make_test) StdoutLine: {'line': b'-- The CXX compiler identification is GNU 11.4.0\n'}
[0.190591] (publisher_make_test) StdoutLine: {'line': b'-- Detecting C compiler ABI info\n'}
[0.199580] (-) TimerEvent: {}
[0.250432] (publisher_make_test) StdoutLine: {'line': b'-- Detecting C compiler ABI info - done\n'}
[0.256136] (publisher_make_test) StdoutLine: {'line': b'-- Check for working C compiler: /usr/bin/cc - skipped\n'}
[0.256395] (publisher_make_test) StdoutLine: {'line': b'-- Detecting C compile features\n'}
[0.256933] (publisher_make_test) StdoutLine: {'line': b'-- Detecting C compile features - done\n'}
[0.259687] (publisher_make_test) StdoutLine: {'line': b'-- Detecting CXX compiler ABI info\n'}
[0.299733] (-) TimerEvent: {}
[0.361585] (publisher_make_test) StdoutLine: {'line': b'-- Detecting CXX compiler ABI info - done\n'}
[0.367361] (publisher_make_test) StdoutLine: {'line': b'-- Check for working CXX compiler: /usr/bin/c++ - skipped\n'}
[0.367584] (publisher_make_test) StdoutLine: {'line': b'-- Detecting CXX compile features\n'}
[0.367968] (publisher_make_test) StdoutLine: {'line': b'-- Detecting CXX compile features - done\n'}
[0.372608] (publisher_make_test) StdoutLine: {'line': b'-- Found ament_cmake: 1.3.11 (/opt/ros/humble/share/ament_cmake/cmake)\n'}
[0.399925] (-) TimerEvent: {}
[0.500559] (-) TimerEvent: {}
[0.551824] (publisher_make_test) StdoutLine: {'line': b'-- Found Python3: /usr/bin/python3 (found version "3.10.12") found components: Interpreter \n'}
[0.600641] (-) TimerEvent: {}
[0.624580] (publisher_make_test) StdoutLine: {'line': b'-- Found rclcpp: 16.0.11 (/opt/ros/humble/share/rclcpp/cmake)\n'}
[0.654669] (publisher_make_test) StdoutLine: {'line': b'-- Found rosidl_generator_c: 3.1.6 (/opt/ros/humble/share/rosidl_generator_c/cmake)\n'}
[0.657717] (publisher_make_test) StdoutLine: {'line': b'-- Found rosidl_adapter: 3.1.6 (/opt/ros/humble/share/rosidl_adapter/cmake)\n'}
[0.663767] (publisher_make_test) StdoutLine: {'line': b'-- Found rosidl_generator_cpp: 3.1.6 (/opt/ros/humble/share/rosidl_generator_cpp/cmake)\n'}
[0.673698] (publisher_make_test) StdoutLine: {'line': b'-- Using all available rosidl_typesupport_c: rosidl_typesupport_fastrtps_c;rosidl_typesupport_introspection_c\n'}
[0.685562] (publisher_make_test) StdoutLine: {'line': b'-- Using all available rosidl_typesupport_cpp: rosidl_typesupport_fastrtps_cpp;rosidl_typesupport_introspection_cpp\n'}
[0.700767] (-) TimerEvent: {}
[0.715959] (publisher_make_test) StdoutLine: {'line': b'-- Found rmw_implementation_cmake: 6.1.2 (/opt/ros/humble/share/rmw_implementation_cmake/cmake)\n'}
[0.717770] (publisher_make_test) StdoutLine: {'line': b'-- Found rmw_fastrtps_cpp: 6.2.7 (/opt/ros/humble/share/rmw_fastrtps_cpp/cmake)\n'}
[0.801031] (-) TimerEvent: {}
[0.841649] (publisher_make_test) StdoutLine: {'line': b'-- Found OpenSSL: /usr/lib/x86_64-linux-gnu/libcrypto.so (found version "3.0.2")  \n'}
[0.873299] (publisher_make_test) StdoutLine: {'line': b'-- Found FastRTPS: /opt/ros/humble/include  \n'}
[0.901221] (-) TimerEvent: {}
[0.903082] (publisher_make_test) StdoutLine: {'line': b"-- Using RMW implementation 'rmw_fastrtps_cpp' as default\n"}
[0.908674] (publisher_make_test) StdoutLine: {'line': b'-- Looking for pthread.h\n'}
[0.994712] (publisher_make_test) StdoutLine: {'line': b'-- Looking for pthread.h - found\n'}
[0.995041] (publisher_make_test) StdoutLine: {'line': b'-- Performing Test CMAKE_HAVE_LIBC_PTHREAD\n'}
[1.001296] (-) TimerEvent: {}
[1.082027] (publisher_make_test) StdoutLine: {'line': b'-- Performing Test CMAKE_HAVE_LIBC_PTHREAD - Success\n'}
[1.083508] (publisher_make_test) StdoutLine: {'line': b'-- Found Threads: TRUE  \n'}
[1.101409] (-) TimerEvent: {}
[1.125148] (publisher_make_test) StdoutLine: {'line': b'-- Found geometry_msgs: 4.2.4 (/opt/ros/humble/share/geometry_msgs/cmake)\n'}
[1.135736] (publisher_make_test) StdoutLine: {'line': b'-- Found ament_lint_auto: 0.12.11 (/opt/ros/humble/share/ament_lint_auto/cmake)\n'}
[1.191455] (publisher_make_test) StdoutLine: {'line': b"-- Added test 'cppcheck' to perform static code analysis on C / C++ code\n"}
[1.191627] (publisher_make_test) StdoutLine: {'line': b'-- Configured cppcheck include dirs: \n'}
[1.191697] (publisher_make_test) StdoutLine: {'line': b'-- Configured cppcheck exclude dirs and/or files: \n'}
[1.192185] (publisher_make_test) StdoutLine: {'line': b"-- Added test 'flake8' to check Python code syntax and style conventions\n"}
[1.193191] (publisher_make_test) StdoutLine: {'line': b"-- Added test 'lint_cmake' to check CMake code style\n"}
[1.193806] (publisher_make_test) StdoutLine: {'line': b"-- Added test 'pep257' to check Python code against some of the docstring style conventions in PEP 257\n"}
[1.196689] (publisher_make_test) StdoutLine: {'line': b"-- Added test 'uncrustify' to check C / C++ code style\n"}
[1.196890] (publisher_make_test) StdoutLine: {'line': b'-- Configured uncrustify additional arguments: \n'}
[1.197662] (publisher_make_test) StdoutLine: {'line': b"-- Added test 'xmllint' to check XML markup files\n"}
[1.198690] (publisher_make_test) StdoutLine: {'line': b'-- Configuring done\n'}
[1.200429] (publisher_make_test) StderrLine: {'line': b'\x1b[33mCMake Warning (dev) at CMakeLists.txt:16 (add_executable):\n'}
[1.200617] (publisher_make_test) StderrLine: {'line': b'  Policy CMP0115 is not set: Source file extensions must be explicit.  Run\n'}
[1.200711] (publisher_make_test) StderrLine: {'line': b'  "cmake --help-policy CMP0115" for policy details.  Use the cmake_policy\n'}
[1.200792] (publisher_make_test) StderrLine: {'line': b'  command to set the policy and suppress this warning.\n'}
[1.200868] (publisher_make_test) StderrLine: {'line': b'\n'}
[1.200946] (publisher_make_test) StderrLine: {'line': b'  File:\n'}
[1.201026] (publisher_make_test) StderrLine: {'line': b'\n'}
[1.201102] (publisher_make_test) StderrLine: {'line': b'    /home/hycon/workspace/publisher_test/publisher_make_test/src/publisher_node.cpp\n'}
[1.201180] (publisher_make_test) StderrLine: {'line': b'This warning is for project developers.  Use -Wno-dev to suppress it.\n'}
[1.201255] (publisher_make_test) StderrLine: {'line': b'\x1b[0m\n'}
[1.201475] (-) TimerEvent: {}
[1.204439] (publisher_make_test) StdoutLine: {'line': b'-- Generating done\n'}
[1.206741] (publisher_make_test) StdoutLine: {'line': b'-- Build files have been written to: /home/hycon/workspace/publisher_test/publisher_make_test/build/publisher_make_test\n'}
[1.213188] (publisher_make_test) CommandEnded: {'returncode': 0}
[1.213781] (publisher_make_test) JobProgress: {'identifier': 'publisher_make_test', 'progress': 'build'}
[1.215097] (publisher_make_test) Command: {'cmd': ['/usr/bin/cmake', '--build', '/home/hycon/workspace/publisher_test/publisher_make_test/build/publisher_make_test', '--', '-j16', '-l16'], 'cwd': '/home/hycon/workspace/publisher_test/publisher_make_test/build/publisher_make_test', 'env': OrderedDict([('LESSOPEN', '| /usr/bin/lesspipe %s'), ('LANGUAGE', 'en'), ('USER', 'hycon'), ('LC_TIME', 'ko_KR.UTF-8'), ('XDG_SESSION_TYPE', 'wayland'), ('SHLVL', '1'), ('LD_LIBRARY_PATH', '/opt/ros/humble/opt/rviz_ogre_vendor/lib:/opt/ros/humble/lib/x86_64-linux-gnu:/opt/ros/humble/lib'), ('HOME', '/home/hycon'), ('OLDPWD', '/home/hycon/workspace/publisher_test'), ('DESKTOP_SESSION', 'ubuntu'), ('ROS_PYTHON_VERSION', '3'), ('GNOME_SHELL_SESSION_MODE', 'ubuntu'), ('GTK_MODULES', 'gail:atk-bridge'), ('LC_MONETARY', 'ko_KR.UTF-8'), ('MANAGERPID', '970'), ('SYSTEMD_EXEC_PID', '1446'), ('DBUS_SESSION_BUS_ADDRESS', 'unix:path=/run/user/1000/bus'), ('COLORTERM', 'truecolor'), ('TERMINATOR_DBUS_NAME', 'net.tenshu.Terminator25ef4b219e3b005583550f2b0f9f990c3'), ('GIO_LAUNCHED_DESKTOP_FILE_PID', '3670'), ('IM_CONFIG_PHASE', '1'), ('WAYLAND_DISPLAY', 'wayland-0'), ('ROS_DISTRO', 'humble'), ('LOGNAME', 'hycon'), ('JOURNAL_STREAM', '8:9397'), ('_', '/usr/bin/colcon'), ('ROS_VERSION', '2'), ('XDG_SESSION_CLASS', 'user'), ('USERNAME', 'hycon'), ('TERM', 'xterm-256color'), ('GNOME_DESKTOP_SESSION_ID', 'this-is-deprecated'), ('ROS_LOCALHOST_ONLY', '0'), ('PATH', '/opt/ros/humble/bin:/home/hycon/.local/bin:/usr/local/sbin:/usr/local/bin:/usr/sbin:/usr/bin:/sbin:/bin:/usr/games:/usr/local/games:/snap/bin:/snap/bin'), ('SESSION_MANAGER', 'local/hycon:@/tmp/.ICE-unix/1176,unix/hycon:/tmp/.ICE-unix/1176'), ('INVOCATION_ID', '3f53ca6fe6e94c5f8ad60cad17e10c32'), ('PAPERSIZE', 'a4'), ('XDG_MENU_PREFIX', 'gnome-'), ('LC_ADDRESS', 'ko_KR.UTF-8'), ('GNOME_SETUP_DISPLAY', ':1'), ('XDG_RUNTIME_DIR', '/run/user/1000'), ('DISPLAY', ':0'), ('TERMINATOR_DBUS_PATH', '/net/tenshu/Terminator2'), ('LANG', 'en_US.UTF-8'), ('XDG_CURRENT_DESKTOP', 'ubuntu:GNOME'), ('IBUS_DISABLE_SNOOPER', '1'), ('LC_TELEPHONE', 'ko_KR.UTF-8'), ('XMODIFIERS', '@im=ibus'), ('XDG_SESSION_DESKTOP', 'ubuntu'), ('XAUTHORITY', '/run/user/1000/.mutter-Xwaylandauth.3W6M12'), ('LS_COLORS', 'rs=0:di=01;34:ln=01;36:mh=00:pi=40;33:so=01;35:do=01;35:bd=40;33;01:cd=40;33;01:or=40;31;01:mi=00:su=37;41:sg=30;43:ca=30;41:tw=30;42:ow=34;42:st=37;44:ex=01;32:*.tar=01;31:*.tgz=01;31:*.arc=01;31:*.arj=01;31:*.taz=01;31:*.lha=01;31:*.lz4=01;31:*.lzh=01;31:*.lzma=01;31:*.tlz=01;31:*.txz=01;31:*.tzo=01;31:*.t7z=01;31:*.zip=01;31:*.z=01;31:*.dz=01;31:*.gz=01;31:*.lrz=01;31:*.lz=01;31:*.lzo=01;31:*.xz=01;31:*.zst=01;31:*.tzst=01;31:*.bz2=01;31:*.bz=01;31:*.tbz=01;31:*.tbz2=01;31:*.tz=01;31:*.deb=01;31:*.rpm=01;31:*.jar=01;31:*.war=01;31:*.ear=01;31:*.sar=01;31:*.rar=01;31:*.alz=01;31:*.ace=01;31:*.zoo=01;31:*.cpio=01;31:*.7z=01;31:*.rz=01;31:*.cab=01;31:*.wim=01;31:*.swm=01;31:*.dwm=01;31:*.esd=01;31:*.jpg=01;35:*.jpeg=01;35:*.mjpg=01;35:*.mjpeg=01;35:*.gif=01;35:*.bmp=01;35:*.pbm=01;35:*.pgm=01;35:*.ppm=01;35:*.tga=01;35:*.xbm=01;35:*.xpm=01;35:*.tif=01;35:*.tiff=01;35:*.png=01;35:*.svg=01;35:*.svgz=01;35:*.mng=01;35:*.pcx=01;35:*.mov=01;35:*.mpg=01;35:*.mpeg=01;35:*.m2v=01;35:*.mkv=01;35:*.webm=01;35:*.webp=01;35:*.ogm=01;35:*.mp4=01;35:*.m4v=01;35:*.mp4v=01;35:*.vob=01;35:*.qt=01;35:*.nuv=01;35:*.wmv=01;35:*.asf=01;35:*.rm=01;35:*.rmvb=01;35:*.flc=01;35:*.avi=01;35:*.fli=01;35:*.flv=01;35:*.gl=01;35:*.dl=01;35:*.xcf=01;35:*.xwd=01;35:*.yuv=01;35:*.cgm=01;35:*.emf=01;35:*.ogv=01;35:*.ogx=01;35:*.aac=00;36:*.au=00;36:*.flac=00;36:*.m4a=00;36:*.mid=00;36:*.midi=00;36:*.mka=00;36:*.mp3=00;36:*.mpc=00;36:*.ogg=00;36:*.ra=00;36:*.wav=00;36:*.oga=00;36:*.opus=00;36:*.spx=00;36:*.xspf=00;36:'), ('SSH_AGENT_LAUNCHER', 'gnome-keyring'), ('SSH_AUTH_SOCK', '/run/user/1000/keyring/ssh'), ('AMENT_PREFIX_PATH', '/opt/ros/humble'), ('SHELL', '/bin/bash'), ('LC_NAME', 'ko_KR.UTF-8'), ('TERMINATOR_UUID', 'urn:uuid:c651ff32-dd31-4589-8208-22bdb2f28c57'), ('QT_ACCESSIBILITY', '1'), ('GDMSESSION', 'ubuntu'), ('LESSCLOSE', '/usr/bin/lesspipe %s %s'), ('LC_MEASUREMENT', 'ko_KR.UTF-8'), ('LC_IDENTIFICATION', 'ko_KR.UTF-8'), ('QT_IM_MODULE', 'ibus'), ('PWD', '/home/hycon/workspace/publisher_test/publisher_make_test/build/publisher_make_test'), ('LC_ALL', 'en_US.UTF-8'), ('XDG_CONFIG_DIRS', '/etc/xdg/xdg-ubuntu:/etc/xdg'), ('XDG_DATA_DIRS', '/usr/share/ubuntu:/usr/local/share/:/usr/share/:/var/lib/snapd/desktop'), ('PYTHONPATH', '/opt/ros/humble/lib/python3.10/site-packages:/opt/ros/humble/local/lib/python3.10/dist-packages'), ('LC_NUMERIC', 'ko_KR.UTF-8'), ('LC_PAPER', 'ko_KR.UTF-8'), ('COLCON', '1'), ('VTE_VERSION', '6800'), ('CMAKE_PREFIX_PATH', '/opt/ros/humble')]), 'shell': False}
[1.286864] (publisher_make_test) StdoutLine: {'line': b'[ 50%] \x1b[32mBuilding CXX object CMakeFiles/publisher_node.dir/src/publisher_node.cpp.o\x1b[0m\n'}
[1.301648] (-) TimerEvent: {}
[1.402120] (-) TimerEvent: {}
[1.502417] (-) TimerEvent: {}
[1.602667] (-) TimerEvent: {}
[1.702936] (-) TimerEvent: {}
[1.803206] (-) TimerEvent: {}
[1.903443] (-) TimerEvent: {}
[2.003792] (-) TimerEvent: {}
[2.104147] (-) TimerEvent: {}
[2.204505] (-) TimerEvent: {}
[2.304787] (-) TimerEvent: {}
[2.405074] (-) TimerEvent: {}
[2.505470] (-) TimerEvent: {}
[2.605701] (-) TimerEvent: {}
[2.705967] (-) TimerEvent: {}
[2.806247] (-) TimerEvent: {}
[2.858963] (publisher_make_test) StderrLine: {'line': b'\x1b[01m\x1b[K/home/hycon/workspace/publisher_test/publisher_make_test/src/publisher_node.cpp:\x1b[m\x1b[K In constructor \xe2\x80\x98\x1b[01m\x1b[KTwistPublisher::TwistPublisher()\x1b[m\x1b[K\xe2\x80\x99:\n'}
[2.859182] (publisher_make_test) StderrLine: {'line': b'\x1b[01m\x1b[K/home/hycon/workspace/publisher_test/publisher_make_test/src/publisher_node.cpp:9:64:\x1b[m\x1b[K \x1b[01;31m\x1b[Kerror: \x1b[m\x1b[K\xe2\x80\x98\x1b[01m\x1b[Kmsgs\x1b[m\x1b[K\xe2\x80\x99 is not a member of \xe2\x80\x98\x1b[01m\x1b[Kgeometry_msgs\x1b[m\x1b[K\xe2\x80\x99; did you mean \xe2\x80\x98\x1b[01m\x1b[Kmsg\x1b[m\x1b[K\xe2\x80\x99?\n'}
[2.859231] (publisher_make_test) StderrLine: {'line': b'    9 |          publisher_ = this->create_publisher<geometry_msgs::\x1b[01;31m\x1b[Kmsgs\x1b[m\x1b[K::Twist>("/turtle1/cmd_vel", 10);\n'}
[2.859265] (publisher_make_test) StderrLine: {'line': b'      |                                                             \x1b[01;31m\x1b[K^~~~\x1b[m\x1b[K\n'}
[2.859295] (publisher_make_test) StderrLine: {'line': b'      |                                                             \x1b[32m\x1b[Kmsg\x1b[m\x1b[K\n'}
[2.859324] (publisher_make_test) StderrLine: {'line': b'\x1b[01m\x1b[K/home/hycon/workspace/publisher_test/publisher_make_test/src/publisher_node.cpp:9:32:\x1b[m\x1b[K \x1b[01;31m\x1b[Kerror: \x1b[m\x1b[Kparse error in template argument list\n'}
[2.859354] (publisher_make_test) StderrLine: {'line': b'    9 |             publisher_ = this->\x1b[01;31m\x1b[Kcreate_publisher<geometry_msgs::msgs::Twist>\x1b[m\x1b[K("/turtle1/cmd_vel", 10);\n'}
[2.859403] (publisher_make_test) StderrLine: {'line': b'      |                                \x1b[01;31m\x1b[K^~~~~~~~~~~~~~~~~~~~~~~~~~~~~~~~~~~~~~~~~~~~\x1b[m\x1b[K\n'}
[2.859437] (publisher_make_test) StderrLine: {'line': b'\x1b[01m\x1b[K/home/hycon/workspace/publisher_test/publisher_make_test/src/publisher_node.cpp:9:76:\x1b[m\x1b[K \x1b[01;31m\x1b[Kerror: \x1b[m\x1b[Kno matching function for call to \xe2\x80\x98\x1b[01m\x1b[KTwistPublisher::create_publisher<<expression error> >(const char [17], int)\x1b[m\x1b[K\xe2\x80\x99\n'}
[2.859553] (publisher_make_test) StderrLine: {'line': b'    9 | lisher_ = \x1b[01;31m\x1b[Kthis->create_publisher<geometry_msgs::msgs::Twist>("/turtle1/cmd_vel", 10)\x1b[m\x1b[K;\n'}
[2.859584] (publisher_make_test) StderrLine: {'line': b'      |           \x1b[01;31m\x1b[K~~~~~~~~~~~~~~~~~~~~~~~~~~~~~~~~~~~~~~~~~~~~~~~~~~^~~~~~~~~~~~~~~~~~~~~~~~\x1b[m\x1b[K\n'}
[2.859619] (publisher_make_test) StderrLine: {'line': b'\n'}
[2.859651] (publisher_make_test) StderrLine: {'line': b'In file included from \x1b[01m\x1b[K/opt/ros/humble/include/rclcpp/rclcpp/executors/single_threaded_executor.hpp:28\x1b[m\x1b[K,\n'}
[2.859685] (publisher_make_test) StderrLine: {'line': b'                 from \x1b[01m\x1b[K/opt/ros/humble/include/rclcpp/rclcpp/executors.hpp:22\x1b[m\x1b[K,\n'}
[2.859714] (publisher_make_test) StderrLine: {'line': b'                 from \x1b[01m\x1b[K/opt/ros/humble/include/rclcpp/rclcpp/rclcpp.hpp:155\x1b[m\x1b[K,\n'}
[2.859744] (publisher_make_test) StderrLine: {'line': b'                 from \x1b[01m\x1b[K/home/hycon/workspace/publisher_test/publisher_make_test/src/publisher_node.cpp:1\x1b[m\x1b[K:\n'}
[2.859782] (publisher_make_test) StderrLine: {'line': b'\x1b[01m\x1b[K/opt/ros/humble/include/rclcpp/rclcpp/node.hpp:195:3:\x1b[m\x1b[K \x1b[01;36m\x1b[Knote: \x1b[m\x1b[Kcandidate: \xe2\x80\x98\x1b[01m\x1b[Ktemplate<class MessageT, class AllocatorT, class PublisherT> std::shared_ptr<PublisherT> rclcpp::Node::create_publisher(const string&, const rclcpp::QoS&, const rclcpp::PublisherOptionsWithAllocator<AllocatorT>&)\x1b[m\x1b[K\xe2\x80\x99\n'}
[2.859814] (publisher_make_test) StderrLine: {'line': b'  195 |   \x1b[01;36m\x1b[Kcreate_publisher\x1b[m\x1b[K(\n'}
[2.859842] (publisher_make_test) StderrLine: {'line': b'      |   \x1b[01;36m\x1b[K^~~~~~~~~~~~~~~~\x1b[m\x1b[K\n'}
[2.859871] (publisher_make_test) StderrLine: {'line': b'\x1b[01m\x1b[K/opt/ros/humble/include/rclcpp/rclcpp/node.hpp:195:3:\x1b[m\x1b[K \x1b[01;36m\x1b[Knote: \x1b[m\x1b[K  template argument deduction/substitution failed:\n'}
[2.859900] (publisher_make_test) StderrLine: {'line': b'\x1b[01m\x1b[K/home/hycon/workspace/publisher_test/publisher_make_test/src/publisher_node.cpp:9:76:\x1b[m\x1b[K \x1b[01;31m\x1b[Kerror: \x1b[m\x1b[Ktemplate argument 1 is invalid\n'}
[2.859928] (publisher_make_test) StderrLine: {'line': b'    9 | lisher_ = \x1b[01;31m\x1b[Kthis->create_publisher<geometry_msgs::msgs::Twist>("/turtle1/cmd_vel", 10)\x1b[m\x1b[K;\n'}
[2.859955] (publisher_make_test) StderrLine: {'line': b'      |           \x1b[01;31m\x1b[K~~~~~~~~~~~~~~~~~~~~~~~~~~~~~~~~~~~~~~~~~~~~~~~~~~^~~~~~~~~~~~~~~~~~~~~~~~\x1b[m\x1b[K\n'}
[2.859982] (publisher_make_test) StderrLine: {'line': b'\n'}
[2.860009] (publisher_make_test) StderrLine: {'line': b'\x1b[01m\x1b[K/home/hycon/workspace/publisher_test/publisher_make_test/src/publisher_node.cpp:11:28:\x1b[m\x1b[K \x1b[01;31m\x1b[Kerror: \x1b[m\x1b[K\xe2\x80\x98\x1b[01m\x1b[Kclass TwistPublisher\x1b[m\x1b[K\xe2\x80\x99 has no member named \xe2\x80\x98\x1b[01m\x1b[Kcreate_wall_time\x1b[m\x1b[K\xe2\x80\x99; did you mean \xe2\x80\x98\x1b[01m\x1b[Kcreate_wall_timer\x1b[m\x1b[K\xe2\x80\x99?\n'}
[2.860039] (publisher_make_test) StderrLine: {'line': b'   11 |             timer_ = this->\x1b[01;31m\x1b[Kcreate_wall_time\x1b[m\x1b[K(\n'}
[2.860067] (publisher_make_test) StderrLine: {'line': b'      |                            \x1b[01;31m\x1b[K^~~~~~~~~~~~~~~~\x1b[m\x1b[K\n'}
[2.860094] (publisher_make_test) StderrLine: {'line': b'      |                            \x1b[32m\x1b[Kcreate_wall_timer\x1b[m\x1b[K\n'}
[2.906367] (-) TimerEvent: {}
[3.006619] (-) TimerEvent: {}
[3.106896] (-) TimerEvent: {}
[3.204837] (publisher_make_test) StderrLine: {'line': b'gmake[2]: *** [CMakeFiles/publisher_node.dir/build.make:76: CMakeFiles/publisher_node.dir/src/publisher_node.cpp.o] Error 1\n'}
[3.205046] (publisher_make_test) StderrLine: {'line': b'gmake[1]: *** [CMakeFiles/Makefile2:137: CMakeFiles/publisher_node.dir/all] Error 2\n'}
[3.205133] (publisher_make_test) StderrLine: {'line': b'gmake: *** [Makefile:146: all] Error 2\n'}
[3.207050] (publisher_make_test) CommandEnded: {'returncode': 2}
[3.207376] (-) TimerEvent: {}
[3.214269] (publisher_make_test) JobEnded: {'identifier': 'publisher_make_test', 'rc': 2}
[3.224782] (-) EventReactorShutdown: {}
