[0.000000] (-) TimerEvent: {}
[0.000175] (publisher_make_test) JobQueued: {'identifier': 'publisher_make_test', 'dependencies': OrderedDict()}
[0.000671] (publisher_make_test) JobStarted: {'identifier': 'publisher_make_test'}
[0.005432] (publisher_make_test) JobProgress: {'identifier': 'publisher_make_test', 'progress': 'cmake'}
[0.005750] (publisher_make_test) JobProgress: {'identifier': 'publisher_make_test', 'progress': 'build'}
[0.006229] (publisher_make_test) Command: {'cmd': ['/usr/bin/cmake', '--build', '/home/hycon/workspace/publisher_test/publisher_make_test/build/publisher_make_test', '--', '-j16', '-l16'], 'cwd': '/home/hycon/workspace/publisher_test/publisher_make_test/build/publisher_make_test', 'env': OrderedDict([('LESSOPEN', '| /usr/bin/lesspipe %s'), ('LANGUAGE', 'en'), ('USER', 'hycon'), ('LC_TIME', 'ko_KR.UTF-8'), ('XDG_SESSION_TYPE', 'wayland'), ('SHLVL', '1'), ('LD_LIBRARY_PATH', '/opt/ros/humble/opt/rviz_ogre_vendor/lib:/opt/ros/humble/lib/x86_64-linux-gnu:/opt/ros/humble/lib'), ('HOME', '/home/hycon'), ('OLDPWD', '/home/hycon/workspace/publisher_test/publisher_make_test/install'), ('DESKTOP_SESSION', 'ubuntu'), ('ROS_PYTHON_VERSION', '3'), ('GNOME_SHELL_SESSION_MODE', 'ubuntu'), ('GTK_MODULES', 'gail:atk-bridge'), ('LC_MONETARY', 'ko_KR.UTF-8'), ('MANAGERPID', '970'), ('SYSTEMD_EXEC_PID', '1446'), ('DBUS_SESSION_BUS_ADDRESS', 'unix:path=/run/user/1000/bus'), ('COLORTERM', 'truecolor'), ('TERMINATOR_DBUS_NAME', 'net.tenshu.Terminator25ef4b219e3b005583550f2b0f9f990c3'), ('GIO_LAUNCHED_DESKTOP_FILE_PID', '3670'), ('IM_CONFIG_PHASE', '1'), ('WAYLAND_DISPLAY', 'wayland-0'), ('ROS_DISTRO', 'humble'), ('LOGNAME', 'hycon'), ('JOURNAL_STREAM', '8:9397'), ('_', '/usr/bin/colcon'), ('ROS_VERSION', '2'), ('XDG_SESSION_CLASS', 'user'), ('USERNAME', 'hycon'), ('TERM', 'xterm-256color'), ('GNOME_DESKTOP_SESSION_ID', 'this-is-deprecated'), ('ROS_LOCALHOST_ONLY', '0'), ('PATH', '/opt/ros/humble/bin:/home/hycon/.local/bin:/usr/local/sbin:/usr/local/bin:/usr/sbin:/usr/bin:/sbin:/bin:/usr/games:/usr/local/games:/snap/bin:/snap/bin'), ('SESSION_MANAGER', 'local/hycon:@/tmp/.ICE-unix/1176,unix/hycon:/tmp/.ICE-unix/1176'), ('INVOCATION_ID', '3f53ca6fe6e94c5f8ad60cad17e10c32'), ('PAPERSIZE', 'a4'), ('XDG_MENU_PREFIX', 'gnome-'), ('LC_ADDRESS', 'ko_KR.UTF-8'), ('GNOME_SETUP_DISPLAY', ':1'), ('XDG_RUNTIME_DIR', '/run/user/1000'), ('DISPLAY', ':0'), ('TERMINATOR_DBUS_PATH', '/net/tenshu/Terminator2'), ('LANG', 'en_US.UTF-8'), ('XDG_CURRENT_DESKTOP', 'ubuntu:GNOME'), ('IBUS_DISABLE_SNOOPER', '1'), ('LC_TELEPHONE', 'ko_KR.UTF-8'), ('XMODIFIERS', '@im=ibus'), ('XDG_SESSION_DESKTOP', 'ubuntu'), ('XAUTHORITY', '/run/user/1000/.mutter-Xwaylandauth.3W6M12'), ('LS_COLORS', 'rs=0:di=01;34:ln=01;36:mh=00:pi=40;33:so=01;35:do=01;35:bd=40;33;01:cd=40;33;01:or=40;31;01:mi=00:su=37;41:sg=30;43:ca=30;41:tw=30;42:ow=34;42:st=37;44:ex=01;32:*.tar=01;31:*.tgz=01;31:*.arc=01;31:*.arj=01;31:*.taz=01;31:*.lha=01;31:*.lz4=01;31:*.lzh=01;31:*.lzma=01;31:*.tlz=01;31:*.txz=01;31:*.tzo=01;31:*.t7z=01;31:*.zip=01;31:*.z=01;31:*.dz=01;31:*.gz=01;31:*.lrz=01;31:*.lz=01;31:*.lzo=01;31:*.xz=01;31:*.zst=01;31:*.tzst=01;31:*.bz2=01;31:*.bz=01;31:*.tbz=01;31:*.tbz2=01;31:*.tz=01;31:*.deb=01;31:*.rpm=01;31:*.jar=01;31:*.war=01;31:*.ear=01;31:*.sar=01;31:*.rar=01;31:*.alz=01;31:*.ace=01;31:*.zoo=01;31:*.cpio=01;31:*.7z=01;31:*.rz=01;31:*.cab=01;31:*.wim=01;31:*.swm=01;31:*.dwm=01;31:*.esd=01;31:*.jpg=01;35:*.jpeg=01;35:*.mjpg=01;35:*.mjpeg=01;35:*.gif=01;35:*.bmp=01;35:*.pbm=01;35:*.pgm=01;35:*.ppm=01;35:*.tga=01;35:*.xbm=01;35:*.xpm=01;35:*.tif=01;35:*.tiff=01;35:*.png=01;35:*.svg=01;35:*.svgz=01;35:*.mng=01;35:*.pcx=01;35:*.mov=01;35:*.mpg=01;35:*.mpeg=01;35:*.m2v=01;35:*.mkv=01;35:*.webm=01;35:*.webp=01;35:*.ogm=01;35:*.mp4=01;35:*.m4v=01;35:*.mp4v=01;35:*.vob=01;35:*.qt=01;35:*.nuv=01;35:*.wmv=01;35:*.asf=01;35:*.rm=01;35:*.rmvb=01;35:*.flc=01;35:*.avi=01;35:*.fli=01;35:*.flv=01;35:*.gl=01;35:*.dl=01;35:*.xcf=01;35:*.xwd=01;35:*.yuv=01;35:*.cgm=01;35:*.emf=01;35:*.ogv=01;35:*.ogx=01;35:*.aac=00;36:*.au=00;36:*.flac=00;36:*.m4a=00;36:*.mid=00;36:*.midi=00;36:*.mka=00;36:*.mp3=00;36:*.mpc=00;36:*.ogg=00;36:*.ra=00;36:*.wav=00;36:*.oga=00;36:*.opus=00;36:*.spx=00;36:*.xspf=00;36:'), ('SSH_AGENT_LAUNCHER', 'gnome-keyring'), ('SSH_AUTH_SOCK', '/run/user/1000/keyring/ssh'), ('AMENT_PREFIX_PATH', '/opt/ros/humble'), ('SHELL', '/bin/bash'), ('LC_NAME', 'ko_KR.UTF-8'), ('TERMINATOR_UUID', 'urn:uuid:c651ff32-dd31-4589-8208-22bdb2f28c57'), ('QT_ACCESSIBILITY', '1'), ('GDMSESSION', 'ubuntu'), ('LESSCLOSE', '/usr/bin/lesspipe %s %s'), ('LC_MEASUREMENT', 'ko_KR.UTF-8'), ('LC_IDENTIFICATION', 'ko_KR.UTF-8'), ('QT_IM_MODULE', 'ibus'), ('PWD', '/home/hycon/workspace/publisher_test/publisher_make_test/build/publisher_make_test'), ('LC_ALL', 'en_US.UTF-8'), ('XDG_CONFIG_DIRS', '/etc/xdg/xdg-ubuntu:/etc/xdg'), ('XDG_DATA_DIRS', '/usr/share/ubuntu:/usr/local/share/:/usr/share/:/var/lib/snapd/desktop'), ('PYTHONPATH', '/opt/ros/humble/lib/python3.10/site-packages:/opt/ros/humble/local/lib/python3.10/dist-packages'), ('LC_NUMERIC', 'ko_KR.UTF-8'), ('LC_PAPER', 'ko_KR.UTF-8'), ('COLCON', '1'), ('VTE_VERSION', '6800'), ('CMAKE_PREFIX_PATH', '/opt/ros/humble')]), 'shell': False}
[0.042950] (publisher_make_test) StdoutLine: {'line': b'\x1b[35m\x1b[1mConsolidate compiler generated dependencies of target publisher_node\x1b[0m\n'}
[0.065082] (publisher_make_test) StdoutLine: {'line': b'[ 50%] \x1b[32mBuilding CXX object CMakeFiles/publisher_node.dir/src/publisher_node.cpp.o\x1b[0m\n'}
[0.099983] (-) TimerEvent: {}
[0.200369] (-) TimerEvent: {}
[0.300785] (-) TimerEvent: {}
[0.401212] (-) TimerEvent: {}
[0.501617] (-) TimerEvent: {}
[0.602038] (-) TimerEvent: {}
[0.702443] (-) TimerEvent: {}
[0.802871] (-) TimerEvent: {}
[0.903290] (-) TimerEvent: {}
[1.003711] (-) TimerEvent: {}
[1.104118] (-) TimerEvent: {}
[1.204544] (-) TimerEvent: {}
[1.304994] (-) TimerEvent: {}
[1.390647] (publisher_make_test) StderrLine: {'line': b'\x1b[01m\x1b[K/home/hycon/workspace/publisher_test/publisher_make_test/src/publisher_node.cpp:\x1b[m\x1b[K In constructor \xe2\x80\x98\x1b[01m\x1b[KTwistPublisher::TwistPublisher()\x1b[m\x1b[K\xe2\x80\x99:\n'}
[1.390795] (publisher_make_test) StderrLine: {'line': b'\x1b[01m\x1b[K/home/hycon/workspace/publisher_test/publisher_make_test/src/publisher_node.cpp:9:64:\x1b[m\x1b[K \x1b[01;31m\x1b[Kerror: \x1b[m\x1b[K\xe2\x80\x98\x1b[01m\x1b[Kmsgs\x1b[m\x1b[K\xe2\x80\x99 is not a member of \xe2\x80\x98\x1b[01m\x1b[Kgeometry_msgs\x1b[m\x1b[K\xe2\x80\x99; did you mean \xe2\x80\x98\x1b[01m\x1b[Kmsg\x1b[m\x1b[K\xe2\x80\x99?\n'}
[1.390839] (publisher_make_test) StderrLine: {'line': b'    9 |             publisher_ = this->create_publisher<geometry_msgs::\x1b[01;31m\x1b[Kmsgs\x1b[m\x1b[K::Twist>("/turtle1/cmd_vel", 10);\n'}
[1.390874] (publisher_make_test) StderrLine: {'line': b'      |                                                                \x1b[01;31m\x1b[K^~~~\x1b[m\x1b[K\n'}
[1.390907] (publisher_make_test) StderrLine: {'line': b'      |                                                                \x1b[32m\x1b[Kmsg\x1b[m\x1b[K\n'}
[1.390940] (publisher_make_test) StderrLine: {'line': b'\x1b[01m\x1b[K/home/hycon/workspace/publisher_test/publisher_make_test/src/publisher_node.cpp:9:32:\x1b[m\x1b[K \x1b[01;31m\x1b[Kerror: \x1b[m\x1b[Kparse error in template argument list\n'}
[1.390978] (publisher_make_test) StderrLine: {'line': b'    9 |             publisher_ = this->\x1b[01;31m\x1b[Kcreate_publisher<geometry_msgs::msgs::Twist>\x1b[m\x1b[K("/turtle1/cmd_vel", 10);\n'}
[1.391009] (publisher_make_test) StderrLine: {'line': b'      |                                \x1b[01;31m\x1b[K^~~~~~~~~~~~~~~~~~~~~~~~~~~~~~~~~~~~~~~~~~~~\x1b[m\x1b[K\n'}
[1.391040] (publisher_make_test) StderrLine: {'line': b'\x1b[01m\x1b[K/home/hycon/workspace/publisher_test/publisher_make_test/src/publisher_node.cpp:9:76:\x1b[m\x1b[K \x1b[01;31m\x1b[Kerror: \x1b[m\x1b[Kno matching function for call to \xe2\x80\x98\x1b[01m\x1b[KTwistPublisher::create_publisher<<expression error> >(const char [17], int)\x1b[m\x1b[K\xe2\x80\x99\n'}
[1.391073] (publisher_make_test) StderrLine: {'line': b'    9 |             publisher_ = \x1b[01;31m\x1b[Kthis->create_publisher<geometry_msgs::msgs::Twist>("/turtle1/cmd_vel", 10)\x1b[m\x1b[K;\n'}
[1.391108] (publisher_make_test) StderrLine: {'line': b'      |                          \x1b[01;31m\x1b[K~~~~~~~~~~~~~~~~~~~~~~~~~~~~~~~~~~~~~~~~~~~~~~~~~~^~~~~~~~~~~~~~~~~~~~~~~~\x1b[m\x1b[K\n'}
[1.391139] (publisher_make_test) StderrLine: {'line': b'In file included from \x1b[01m\x1b[K/opt/ros/humble/include/rclcpp/rclcpp/executors/single_threaded_executor.hpp:28\x1b[m\x1b[K,\n'}
[1.391168] (publisher_make_test) StderrLine: {'line': b'                 from \x1b[01m\x1b[K/opt/ros/humble/include/rclcpp/rclcpp/executors.hpp:22\x1b[m\x1b[K,\n'}
[1.391195] (publisher_make_test) StderrLine: {'line': b'                 from \x1b[01m\x1b[K/opt/ros/humble/include/rclcpp/rclcpp/rclcpp.hpp:155\x1b[m\x1b[K,\n'}
[1.391223] (publisher_make_test) StderrLine: {'line': b'                 from \x1b[01m\x1b[K/home/hycon/workspace/publisher_test/publisher_make_test/src/publisher_node.cpp:1\x1b[m\x1b[K:\n'}
[1.391254] (publisher_make_test) StderrLine: {'line': b'\x1b[01m\x1b[K/opt/ros/humble/include/rclcpp/rclcpp/node.hpp:195:3:\x1b[m\x1b[K \x1b[01;36m\x1b[Knote: \x1b[m\x1b[Kcandidate: \xe2\x80\x98\x1b[01m\x1b[Ktemplate<class MessageT, class AllocatorT, class PublisherT> std::shared_ptr<PublisherT> rclcpp::Node::create_publisher(const string&, const rclcpp::QoS&, const rclcpp::PublisherOptionsWithAllocator<AllocatorT>&)\x1b[m\x1b[K\xe2\x80\x99\n'}
[1.391284] (publisher_make_test) StderrLine: {'line': b'  195 |   \x1b[01;36m\x1b[Kcreate_publisher\x1b[m\x1b[K(\n'}
[1.391312] (publisher_make_test) StderrLine: {'line': b'      |   \x1b[01;36m\x1b[K^~~~~~~~~~~~~~~~\x1b[m\x1b[K\n'}
[1.391338] (publisher_make_test) StderrLine: {'line': b'\x1b[01m\x1b[K/opt/ros/humble/include/rclcpp/rclcpp/node.hpp:195:3:\x1b[m\x1b[K \x1b[01;36m\x1b[Knote: \x1b[m\x1b[K  template argument deduction/substitution failed:\n'}
[1.391366] (publisher_make_test) StderrLine: {'line': b'\x1b[01m\x1b[K/home/hycon/workspace/publisher_test/publisher_make_test/src/publisher_node.cpp:9:76:\x1b[m\x1b[K \x1b[01;31m\x1b[Kerror: \x1b[m\x1b[Ktemplate argument 1 is invalid\n'}
[1.391393] (publisher_make_test) StderrLine: {'line': b'    9 |             publisher_ = \x1b[01;31m\x1b[Kthis->create_publisher<geometry_msgs::msgs::Twist>("/turtle1/cmd_vel", 10)\x1b[m\x1b[K;\n'}
[1.391420] (publisher_make_test) StderrLine: {'line': b'      |                          \x1b[01;31m\x1b[K~~~~~~~~~~~~~~~~~~~~~~~~~~~~~~~~~~~~~~~~~~~~~~~~~~^~~~~~~~~~~~~~~~~~~~~~~~\x1b[m\x1b[K\n'}
[1.405057] (-) TimerEvent: {}
[1.505286] (-) TimerEvent: {}
[1.605524] (-) TimerEvent: {}
[1.705777] (-) TimerEvent: {}
[1.730919] (publisher_make_test) StderrLine: {'line': b'gmake[2]: *** [CMakeFiles/publisher_node.dir/build.make:76: CMakeFiles/publisher_node.dir/src/publisher_node.cpp.o] Error 1\n'}
[1.731221] (publisher_make_test) StderrLine: {'line': b'gmake[1]: *** [CMakeFiles/Makefile2:137: CMakeFiles/publisher_node.dir/all] Error 2\n'}
[1.731461] (publisher_make_test) StderrLine: {'line': b'gmake: *** [Makefile:146: all] Error 2\n'}
[1.734680] (publisher_make_test) CommandEnded: {'returncode': 2}
[1.741194] (publisher_make_test) JobEnded: {'identifier': 'publisher_make_test', 'rc': 2}
[1.751713] (-) EventReactorShutdown: {}
