[0.007s] Invoking command in '/home/hycon/workspace/publisher_test/publisher_make_test/build/publisher_make_test': CMAKE_PREFIX_PATH=/opt/ros/humble /usr/bin/cmake --build /home/hycon/workspace/publisher_test/publisher_make_test/build/publisher_make_test -- -j16 -l16
[0.030s] -- Found ament_cmake: 1.3.11 (/opt/ros/humble/share/ament_cmake/cmake)
[0.116s] -- Found rclcpp: 16.0.11 (/opt/ros/humble/share/rclcpp/cmake)
[0.134s] -- Found rosidl_generator_c: 3.1.6 (/opt/ros/humble/share/rosidl_generator_c/cmake)
[0.135s] -- Found rosidl_adapter: 3.1.6 (/opt/ros/humble/share/rosidl_adapter/cmake)
[0.139s] -- Found rosidl_generator_cpp: 3.1.6 (/opt/ros/humble/share/rosidl_generator_cpp/cmake)
[0.145s] -- Using all available rosidl_typesupport_c: rosidl_typesupport_fastrtps_c;rosidl_typesupport_introspection_c
[0.152s] -- Using all available rosidl_typesupport_cpp: rosidl_typesupport_fastrtps_cpp;rosidl_typesupport_introspection_cpp
[0.173s] -- Found rmw_implementation_cmake: 6.1.2 (/opt/ros/humble/share/rmw_implementation_cmake/cmake)
[0.173s] -- Found rmw_fastrtps_cpp: 6.2.7 (/opt/ros/humble/share/rmw_fastrtps_cpp/cmake)
[0.240s] -- Using RMW implementation 'rmw_fastrtps_cpp' as default
[0.272s] -- Found geometry_msgs: 4.2.4 (/opt/ros/humble/share/geometry_msgs/cmake)
[0.280s] -- Found ament_lint_auto: 0.12.11 (/opt/ros/humble/share/ament_lint_auto/cmake)
[0.329s] -- Added test 'cppcheck' to perform static code analysis on C / C++ code
[0.329s] -- Configured cppcheck include dirs: 
[0.329s] -- Configured cppcheck exclude dirs and/or files: 
[0.330s] -- Added test 'flake8' to check Python code syntax and style conventions
[0.331s] -- Added test 'lint_cmake' to check CMake code style
[0.332s] -- Added test 'pep257' to check Python code against some of the docstring style conventions in PEP 257
[0.338s] -- Added test 'uncrustify' to check C / C++ code style
[0.338s] -- Configured uncrustify additional arguments: 
[0.338s] -- Added test 'xmllint' to check XML markup files
[0.339s] -- Configuring done
[0.340s] [33mCMake Warning (dev) at CMakeLists.txt:16 (add_executable):
[0.340s]   Policy CMP0115 is not set: Source file extensions must be explicit.  Run
[0.340s]   "cmake --help-policy CMP0115" for policy details.  Use the cmake_policy
[0.340s]   command to set the policy and suppress this warning.
[0.340s] 
[0.340s]   File:
[0.340s] 
[0.341s]     /home/hycon/workspace/publisher_test/publisher_make_test/src/publisher_node.cpp
[0.341s] This warning is for project developers.  Use -Wno-dev to suppress it.
[0.341s] [0m
[0.345s] -- Generating done
[0.349s] -- Build files have been written to: /home/hycon/workspace/publisher_test/publisher_make_test/build/publisher_make_test
[0.372s] [35m[1mConsolidate compiler generated dependencies of target publisher_node[0m
[0.393s] [ 50%] [32mBuilding CXX object CMakeFiles/publisher_node.dir/src/publisher_node.cpp.o[0m
[1.774s] [01m[K/home/hycon/workspace/publisher_test/publisher_make_test/src/publisher_node.cpp:[m[K In constructor â€˜[01m[KTwistPublisher::TwistPublisher()[m[Kâ€™:
[1.774s] [01m[K/home/hycon/workspace/publisher_test/publisher_make_test/src/publisher_node.cpp:9:64:[m[K [01;31m[Kerror: [m[Kâ€˜[01m[Kmsgs[m[Kâ€™ is not a member of â€˜[01m[Kgeometry_msgs[m[Kâ€™; did you mean â€˜[01m[Kmsg[m[Kâ€™?
[1.774s]     9 |          publisher_ = this->create_publisher<geometry_msgs::[01;31m[Kmsgs[m[K::Twist>("/turtle1/cmd_vel", 10);
[1.775s]       |                                                             [01;31m[K^~~~[m[K
[1.775s]       |                                                             [32m[Kmsg[m[K
[1.775s] [01m[K/home/hycon/workspace/publisher_test/publisher_make_test/src/publisher_node.cpp:9:32:[m[K [01;31m[Kerror: [m[Kparse error in template argument list
[1.775s]     9 |             publisher_ = this->[01;31m[Kcreate_publisher<geometry_msgs::msgs::Twist>[m[K("/turtle1/cmd_vel", 10);
[1.775s]       |                                [01;31m[K^~~~~~~~~~~~~~~~~~~~~~~~~~~~~~~~~~~~~~~~~~~~[m[K
[1.775s] [01m[K/home/hycon/workspace/publisher_test/publisher_make_test/src/publisher_node.cpp:9:76:[m[K [01;31m[Kerror: [m[Kno matching function for call to â€˜[01m[KTwistPublisher::create_publisher<<expression error> >(const char [17], int)[m[Kâ€™
[1.775s]     9 | lisher_ = [01;31m[Kthis->create_publisher<geometry_msgs::msgs::Twist>("/turtle1/cmd_vel", 10)[m[K;
[1.775s]       |           [01;31m[K~~~~~~~~~~~~~~~~~~~~~~~~~~~~~~~~~~~~~~~~~~~~~~~~~~^~~~~~~~~~~~~~~~~~~~~~~~[m[K
[1.775s] 
[1.775s] In file included from [01m[K/opt/ros/humble/include/rclcpp/rclcpp/executors/single_threaded_executor.hpp:28[m[K,
[1.775s]                  from [01m[K/opt/ros/humble/include/rclcpp/rclcpp/executors.hpp:22[m[K,
[1.775s]                  from [01m[K/opt/ros/humble/include/rclcpp/rclcpp/rclcpp.hpp:155[m[K,
[1.775s]                  from [01m[K/home/hycon/workspace/publisher_test/publisher_make_test/src/publisher_node.cpp:1[m[K:
[1.775s] [01m[K/opt/ros/humble/include/rclcpp/rclcpp/node.hpp:195:3:[m[K [01;36m[Knote: [m[Kcandidate: â€˜[01m[Ktemplate<class MessageT, class AllocatorT, class PublisherT> std::shared_ptr<PublisherT> rclcpp::Node::create_publisher(const string&, const rclcpp::QoS&, const rclcpp::PublisherOptionsWithAllocator<AllocatorT>&)[m[Kâ€™
[1.775s]   195 |   [01;36m[Kcreate_publisher[m[K(
[1.775s]       |   [01;36m[K^~~~~~~~~~~~~~~~[m[K
[1.775s] [01m[K/opt/ros/humble/include/rclcpp/rclcpp/node.hpp:195:3:[m[K [01;36m[Knote: [m[K  template argument deduction/substitution failed:
[1.775s] [01m[K/home/hycon/workspace/publisher_test/publisher_make_test/src/publisher_node.cpp:9:76:[m[K [01;31m[Kerror: [m[Ktemplate argument 1 is invalid
[1.775s]     9 | lisher_ = [01;31m[Kthis->create_publisher<geometry_msgs::msgs::Twist>("/turtle1/cmd_vel", 10)[m[K;
[1.775s]       |           [01;31m[K~~~~~~~~~~~~~~~~~~~~~~~~~~~~~~~~~~~~~~~~~~~~~~~~~~^~~~~~~~~~~~~~~~~~~~~~~~[m[K
[1.775s] 
[2.161s] gmake[2]: *** [CMakeFiles/publisher_node.dir/build.make:76: CMakeFiles/publisher_node.dir/src/publisher_node.cpp.o] Error 1
[2.161s] gmake[1]: *** [CMakeFiles/Makefile2:137: CMakeFiles/publisher_node.dir/all] Error 2
[2.161s] gmake: *** [Makefile:146: all] Error 2
[2.163s] Invoked command in '/home/hycon/workspace/publisher_test/publisher_make_test/build/publisher_make_test' returned '2': CMAKE_PREFIX_PATH=/opt/ros/humble /usr/bin/cmake --build /home/hycon/workspace/publisher_test/publisher_make_test/build/publisher_make_test -- -j16 -l16
