[01m[K/home/hycon/workspace/subscriber_test/subscriber_node_cpp/my_subscriber_pkg/src/subscriber_node.cpp:2:2:[m[K [01;31m[Kerror: [m[Kinvalid preprocessing directive #inlcude; did you mean #include?
    2 | #[01;31m[Kinlcude[m[K "turtlesim/msg/pose.hpp"
      |  [01;31m[K^~~~~~~[m[K
      |  [32m[Kinclude[m[K
[01m[K/home/hycon/workspace/subscriber_test/subscriber_node_cpp/my_subscriber_pkg/src/subscriber_node.cpp:16:31:[m[K [01;31m[Kerror: [m[Kâ€˜[01m[Kturtlesim[m[Kâ€™ does not name a type
   16 |     void topic_callback(const [01;31m[Kturtlesim[m[K::msg::Pose::SharedPtr msg) const
      |                               [01;31m[K^~~~~~~~~[m[K
[01m[K/home/hycon/workspace/subscriber_test/subscriber_node_cpp/my_subscriber_pkg/src/subscriber_node.cpp:16:45:[m[K [01;31m[Kerror: [m[Kexpected unqualified-id before â€˜[01m[K::[m[Kâ€™ token
   16 |     void topic_callback(const turtlesim::msg[01;31m[K::[m[KPose::SharedPtr msg) const
      |                                             [01;31m[K^~[m[K
[01m[K/home/hycon/workspace/subscriber_test/subscriber_node_cpp/my_subscriber_pkg/src/subscriber_node.cpp:16:45:[m[K [01;31m[Kerror: [m[Kexpected â€˜[01m[K)[m[Kâ€™ before â€˜[01m[K::[m[Kâ€™ token
   16 |     void topic_callback[34m[K([m[Kconst turtlesim::msg[01;31m[K:[m[K[32m[K:[m[KPose::SharedPtr msg) const
      |                        [34m[K~[m[K                    [01;31m[K^[m[K[32m[K~[m[K
      |                                             [32m[K)[m[K
[01m[K/home/hycon/workspace/subscriber_test/subscriber_node_cpp/my_subscriber_pkg/src/subscriber_node.cpp:16:42:[m[K [01;31m[Kerror: [m[Kexpected â€˜[01m[K;[m[Kâ€™ at end of member declaration
   16 |     void topic_callback(const turtlesim::[01;31m[Kmsg[m[K::Pose::SharedPtr msg) const
      |                                          [01;31m[K^~~[m[K
      |                                             [32m[K;[m[K
[01m[K/home/hycon/workspace/subscriber_test/subscriber_node_cpp/my_subscriber_pkg/src/subscriber_node.cpp:16:47:[m[K [01;31m[Kerror: [m[Kâ€˜[01m[KPose[m[Kâ€™ in namespace â€˜[01m[K::[m[Kâ€™ does not name a type
   16 |     void topic_callback(const turtlesim::msg::[01;31m[KPose[m[K::SharedPtr msg) const
      |                                               [01;31m[K^~~~[m[K
[01m[K/home/hycon/workspace/subscriber_test/subscriber_node_cpp/my_subscriber_pkg/src/subscriber_node.cpp:21:26:[m[K [01;31m[Kerror: [m[Kâ€˜[01m[Kturtlesim[m[Kâ€™ was not declared in this scope
   21 |     rclcpp::Subscription<[01;31m[Kturtlesim[m[K::msg::Pose>::SharedPtr subscription_;
      |                          [01;31m[K^~~~~~~~~[m[K
[01m[K/home/hycon/workspace/subscriber_test/subscriber_node_cpp/my_subscriber_pkg/src/subscriber_node.cpp:21:46:[m[K [01;31m[Kerror: [m[Ktemplate argument 1 is invalid
   21 |     rclcpp::Subscription<turtlesim::msg::Pose[01;31m[K>[m[K::SharedPtr subscription_;
      |                                              [01;31m[K^[m[K
[01m[K/home/hycon/workspace/subscriber_test/subscriber_node_cpp/my_subscriber_pkg/src/subscriber_node.cpp:21:46:[m[K [01;31m[Kerror: [m[Ktemplate argument 3 is invalid
[01m[K/home/hycon/workspace/subscriber_test/subscriber_node_cpp/my_subscriber_pkg/src/subscriber_node.cpp:21:46:[m[K [01;31m[Kerror: [m[Ktemplate argument 4 is invalid
[01m[K/home/hycon/workspace/subscriber_test/subscriber_node_cpp/my_subscriber_pkg/src/subscriber_node.cpp:21:46:[m[K [01;31m[Kerror: [m[Ktemplate argument 5 is invalid
[01m[K/home/hycon/workspace/subscriber_test/subscriber_node_cpp/my_subscriber_pkg/src/subscriber_node.cpp:21:49:[m[K [01;31m[Kerror: [m[Kexpected â€˜[01m[K;[m[Kâ€™ at end of member declaration
   21 |     rclcpp::Subscription<turtlesim::msg::Pose>::[01;31m[KSharedPtr[m[K subscription_;
      |                                                 [01;31m[K^~~~~~~~~[m[K
      |                                                          [32m[K;[m[K
[01m[K/home/hycon/workspace/subscriber_test/subscriber_node_cpp/my_subscriber_pkg/src/subscriber_node.cpp:21:59:[m[K [01;31m[Kerror: [m[Kâ€˜[01m[Ksubscription_[m[Kâ€™ does not name a type; did you mean â€˜[01m[Krmw_subscription_t[m[Kâ€™?
   21 |     rclcpp::Subscription<turtlesim::msg::Pose>::SharedPtr [01;31m[Ksubscription_[m[K;
      |                                                           [01;31m[K^~~~~~~~~~~~~[m[K
      |                                                           [32m[Krmw_subscription_t[m[K
[01m[K/home/hycon/workspace/subscriber_test/subscriber_node_cpp/my_subscriber_pkg/src/subscriber_node.cpp:[m[K In constructor â€˜[01m[KMinimalSubscriber::MinimalSubscriber()[m[Kâ€™:
[01m[K/home/hycon/workspace/subscriber_test/subscriber_node_cpp/my_subscriber_pkg/src/subscriber_node.cpp:10:13:[m[K [01;31m[Kerror: [m[Kâ€˜[01m[Ksubscription_[m[Kâ€™ was not declared in this scope; did you mean â€˜[01m[Krmw_subscription_t[m[Kâ€™?
   10 |             [01;31m[Ksubscription_[m[K = this->create_subscription<turtlesim::msg::Pose>(
      |             [01;31m[K^~~~~~~~~~~~~[m[K
      |             [32m[Krmw_subscription_t[m[K
[01m[K/home/hycon/workspace/subscriber_test/subscriber_node_cpp/my_subscriber_pkg/src/subscriber_node.cpp:10:55:[m[K [01;31m[Kerror: [m[Kâ€˜[01m[Kturtlesim[m[Kâ€™ was not declared in this scope
   10 |             subscription_ = this->create_subscription<[01;31m[Kturtlesim[m[K::msg::Pose>(
      |                                                       [01;31m[K^~~~~~~~~[m[K
[01m[K/home/hycon/workspace/subscriber_test/subscriber_node_cpp/my_subscriber_pkg/src/subscriber_node.cpp:10:35:[m[K [01;31m[Kerror: [m[Kparse error in template argument list
   10 |             subscription_ = this->[01;31m[Kcreate_subscription<turtlesim::msg::Pose>[m[K(
      |                                   [01;31m[K^~~~~~~~~~~~~~~~~~~~~~~~~~~~~~~~~~~~~~~~~[m[K
[01m[K/home/hycon/workspace/subscriber_test/subscriber_node_cpp/my_subscriber_pkg/src/subscriber_node.cpp:11:109:[m[K [01;31m[Kerror: [m[Kexpected unqualified-id before numeric constant
   11 |                 "/turtle1/pose", 10, std::bind(&MinimalSubscriber::topic_callback, this, std::placeholders::[01;31m[K1[m[K))
      |                                                                                                             [01;31m[K^[m[K
gmake[2]: *** [CMakeFiles/subscriber_node.dir/build.make:76: CMakeFiles/subscriber_node.dir/src/subscriber_node.cpp.o] Error 1
gmake[1]: *** [CMakeFiles/Makefile2:137: CMakeFiles/subscriber_node.dir/all] Error 2
gmake: *** [Makefile:146: all] Error 2
