[0.008s] Invoking command in '/home/hycon/workspace/subscriber_test/subscriber_node_cpp/my_subscriber_pkg/build/my_subscriber_pkg': CMAKE_PREFIX_PATH=/opt/ros/humble /usr/bin/cmake /home/hycon/workspace/subscriber_test/subscriber_node_cpp/my_subscriber_pkg -DCMAKE_INSTALL_PREFIX=/home/hycon/workspace/subscriber_test/subscriber_node_cpp/my_subscriber_pkg/install/my_subscriber_pkg
[0.019s] -- Found ament_cmake: 1.3.11 (/opt/ros/humble/share/ament_cmake/cmake)
[0.114s] -- Found rclcpp: 16.0.11 (/opt/ros/humble/share/rclcpp/cmake)
[0.133s] -- Found rosidl_generator_c: 3.1.6 (/opt/ros/humble/share/rosidl_generator_c/cmake)
[0.135s] -- Found rosidl_adapter: 3.1.6 (/opt/ros/humble/share/rosidl_adapter/cmake)
[0.139s] -- Found rosidl_generator_cpp: 3.1.6 (/opt/ros/humble/share/rosidl_generator_cpp/cmake)
[0.146s] -- Using all available rosidl_typesupport_c: rosidl_typesupport_fastrtps_c;rosidl_typesupport_introspection_c
[0.154s] -- Using all available rosidl_typesupport_cpp: rosidl_typesupport_fastrtps_cpp;rosidl_typesupport_introspection_cpp
[0.177s] -- Found rmw_implementation_cmake: 6.1.2 (/opt/ros/humble/share/rmw_implementation_cmake/cmake)
[0.177s] -- Found rmw_fastrtps_cpp: 6.2.7 (/opt/ros/humble/share/rmw_fastrtps_cpp/cmake)
[0.264s] -- Using RMW implementation 'rmw_fastrtps_cpp' as default
[0.297s] -- Found turtlesim: 1.4.2 (/opt/ros/humble/share/turtlesim/cmake)
[0.321s] -- Found ament_lint_auto: 0.12.11 (/opt/ros/humble/share/ament_lint_auto/cmake)
[0.372s] -- Added test 'cppcheck' to perform static code analysis on C / C++ code
[0.372s] -- Configured cppcheck include dirs: 
[0.372s] -- Configured cppcheck exclude dirs and/or files: 
[0.372s] -- Added test 'flake8' to check Python code syntax and style conventions
[0.373s] -- Added test 'lint_cmake' to check CMake code style
[0.374s] -- Added test 'pep257' to check Python code against some of the docstring style conventions in PEP 257
[0.377s] -- Added test 'uncrustify' to check C / C++ code style
[0.377s] -- Configured uncrustify additional arguments: 
[0.378s] -- Added test 'xmllint' to check XML markup files
[0.378s] -- Configuring done
[0.384s] -- Generating done
[0.386s] -- Build files have been written to: /home/hycon/workspace/subscriber_test/subscriber_node_cpp/my_subscriber_pkg/build/my_subscriber_pkg
[0.392s] Invoked command in '/home/hycon/workspace/subscriber_test/subscriber_node_cpp/my_subscriber_pkg/build/my_subscriber_pkg' returned '0': CMAKE_PREFIX_PATH=/opt/ros/humble /usr/bin/cmake /home/hycon/workspace/subscriber_test/subscriber_node_cpp/my_subscriber_pkg -DCMAKE_INSTALL_PREFIX=/home/hycon/workspace/subscriber_test/subscriber_node_cpp/my_subscriber_pkg/install/my_subscriber_pkg
[0.394s] Invoking command in '/home/hycon/workspace/subscriber_test/subscriber_node_cpp/my_subscriber_pkg/build/my_subscriber_pkg': CMAKE_PREFIX_PATH=/opt/ros/humble /usr/bin/cmake --build /home/hycon/workspace/subscriber_test/subscriber_node_cpp/my_subscriber_pkg/build/my_subscriber_pkg -- -j16 -l16
[0.445s] [ 50%] [32mBuilding CXX object CMakeFiles/subscriber_node.dir/src/subscriber_node.cpp.o[0m
[0.627s] [01m[K/home/hycon/workspace/subscriber_test/subscriber_node_cpp/my_subscriber_pkg/src/subscriber_node.cpp:2:2:[m[K [01;31m[Kerror: [m[Kinvalid preprocessing directive #inlcude; did you mean #include?
[0.628s]     2 | #[01;31m[Kinlcude[m[K "turtlesim/msg/pose.hpp"
[0.628s]       |  [01;31m[K^~~~~~~[m[K
[0.628s]       |  [32m[Kinclude[m[K
[2.078s] [01m[K/home/hycon/workspace/subscriber_test/subscriber_node_cpp/my_subscriber_pkg/src/subscriber_node.cpp:16:31:[m[K [01;31m[Kerror: [m[Kâ€˜[01m[Kturtlesim[m[Kâ€™ does not name a type
[2.078s]    16 |     void topic_callback(const [01;31m[Kturtlesim[m[K::msg::Pose::SharedPtr msg) const
[2.078s]       |                               [01;31m[K^~~~~~~~~[m[K
[2.078s] [01m[K/home/hycon/workspace/subscriber_test/subscriber_node_cpp/my_subscriber_pkg/src/subscriber_node.cpp:16:45:[m[K [01;31m[Kerror: [m[Kexpected unqualified-id before â€˜[01m[K::[m[Kâ€™ token
[2.078s]    16 |     void topic_callback(const turtlesim::msg[01;31m[K::[m[KPose::SharedPtr msg) const
[2.078s]       |                                             [01;31m[K^~[m[K
[2.078s] [01m[K/home/hycon/workspace/subscriber_test/subscriber_node_cpp/my_subscriber_pkg/src/subscriber_node.cpp:16:45:[m[K [01;31m[Kerror: [m[Kexpected â€˜[01m[K)[m[Kâ€™ before â€˜[01m[K::[m[Kâ€™ token
[2.078s]    16 |     void topic_callback[34m[K([m[Kconst turtlesim::msg[01;31m[K:[m[K[32m[K:[m[KPose::SharedPtr msg) const
[2.078s]       |                        [34m[K~[m[K                    [01;31m[K^[m[K[32m[K~[m[K
[2.078s]       |                                             [32m[K)[m[K
[2.078s] [01m[K/home/hycon/workspace/subscriber_test/subscriber_node_cpp/my_subscriber_pkg/src/subscriber_node.cpp:16:42:[m[K [01;31m[Kerror: [m[Kexpected â€˜[01m[K;[m[Kâ€™ at end of member declaration
[2.078s]    16 |     void topic_callback(const turtlesim::[01;31m[Kmsg[m[K::Pose::SharedPtr msg) const
[2.078s]       |                                          [01;31m[K^~~[m[K
[2.078s]       |                                             [32m[K;[m[K
[2.079s] [01m[K/home/hycon/workspace/subscriber_test/subscriber_node_cpp/my_subscriber_pkg/src/subscriber_node.cpp:16:47:[m[K [01;31m[Kerror: [m[Kâ€˜[01m[KPose[m[Kâ€™ in namespace â€˜[01m[K::[m[Kâ€™ does not name a type
[2.079s]    16 |     void topic_callback(const turtlesim::msg::[01;31m[KPose[m[K::SharedPtr msg) const
[2.079s]       |                                               [01;31m[K^~~~[m[K
[2.083s] [01m[K/home/hycon/workspace/subscriber_test/subscriber_node_cpp/my_subscriber_pkg/src/subscriber_node.cpp:21:26:[m[K [01;31m[Kerror: [m[Kâ€˜[01m[Kturtlesim[m[Kâ€™ was not declared in this scope
[2.083s]    21 |     rclcpp::Subscription<[01;31m[Kturtlesim[m[K::msg::Pose>::SharedPtr subscription_;
[2.083s]       |                          [01;31m[K^~~~~~~~~[m[K
[2.083s] [01m[K/home/hycon/workspace/subscriber_test/subscriber_node_cpp/my_subscriber_pkg/src/subscriber_node.cpp:21:46:[m[K [01;31m[Kerror: [m[Ktemplate argument 1 is invalid
[2.083s]    21 |     rclcpp::Subscription<turtlesim::msg::Pose[01;31m[K>[m[K::SharedPtr subscription_;
[2.083s]       |                                              [01;31m[K^[m[K
[2.083s] [01m[K/home/hycon/workspace/subscriber_test/subscriber_node_cpp/my_subscriber_pkg/src/subscriber_node.cpp:21:46:[m[K [01;31m[Kerror: [m[Ktemplate argument 3 is invalid
[2.083s] [01m[K/home/hycon/workspace/subscriber_test/subscriber_node_cpp/my_subscriber_pkg/src/subscriber_node.cpp:21:46:[m[K [01;31m[Kerror: [m[Ktemplate argument 4 is invalid
[2.083s] [01m[K/home/hycon/workspace/subscriber_test/subscriber_node_cpp/my_subscriber_pkg/src/subscriber_node.cpp:21:46:[m[K [01;31m[Kerror: [m[Ktemplate argument 5 is invalid
[2.083s] [01m[K/home/hycon/workspace/subscriber_test/subscriber_node_cpp/my_subscriber_pkg/src/subscriber_node.cpp:21:49:[m[K [01;31m[Kerror: [m[Kexpected â€˜[01m[K;[m[Kâ€™ at end of member declaration
[2.083s]    21 |     rclcpp::Subscription<turtlesim::msg::Pose>::[01;31m[KSharedPtr[m[K subscription_;
[2.083s]       |                                                 [01;31m[K^~~~~~~~~[m[K
[2.083s]       |                                                          [32m[K;[m[K
[2.084s] [01m[K/home/hycon/workspace/subscriber_test/subscriber_node_cpp/my_subscriber_pkg/src/subscriber_node.cpp:21:59:[m[K [01;31m[Kerror: [m[Kâ€˜[01m[Ksubscription_[m[Kâ€™ does not name a type; did you mean â€˜[01m[Krmw_subscription_t[m[Kâ€™?
[2.084s]    21 |     rclcpp::Subscription<turtlesim::msg::Pose>::SharedPtr [01;31m[Ksubscription_[m[K;
[2.084s]       |                                                           [01;31m[K^~~~~~~~~~~~~[m[K
[2.084s]       |                                                           [32m[Krmw_subscription_t[m[K
[2.090s] [01m[K/home/hycon/workspace/subscriber_test/subscriber_node_cpp/my_subscriber_pkg/src/subscriber_node.cpp:[m[K In constructor â€˜[01m[KMinimalSubscriber::MinimalSubscriber()[m[Kâ€™:
[2.090s] [01m[K/home/hycon/workspace/subscriber_test/subscriber_node_cpp/my_subscriber_pkg/src/subscriber_node.cpp:10:13:[m[K [01;31m[Kerror: [m[Kâ€˜[01m[Ksubscription_[m[Kâ€™ was not declared in this scope; did you mean â€˜[01m[Krmw_subscription_t[m[Kâ€™?
[2.090s]    10 |             [01;31m[Ksubscription_[m[K = this->create_subscription<turtlesim::msg::Pose>(
[2.090s]       |             [01;31m[K^~~~~~~~~~~~~[m[K
[2.090s]       |             [32m[Krmw_subscription_t[m[K
[2.094s] [01m[K/home/hycon/workspace/subscriber_test/subscriber_node_cpp/my_subscriber_pkg/src/subscriber_node.cpp:10:55:[m[K [01;31m[Kerror: [m[Kâ€˜[01m[Kturtlesim[m[Kâ€™ was not declared in this scope
[2.094s]    10 |             subscription_ = this->create_subscription<[01;31m[Kturtlesim[m[K::msg::Pose>(
[2.094s]       |                                                       [01;31m[K^~~~~~~~~[m[K
[2.094s] [01m[K/home/hycon/workspace/subscriber_test/subscriber_node_cpp/my_subscriber_pkg/src/subscriber_node.cpp:10:35:[m[K [01;31m[Kerror: [m[Kparse error in template argument list
[2.094s]    10 |             subscription_ = this->[01;31m[Kcreate_subscription<turtlesim::msg::Pose>[m[K(
[2.094s]       |                                   [01;31m[K^~~~~~~~~~~~~~~~~~~~~~~~~~~~~~~~~~~~~~~~~[m[K
[2.094s] [01m[K/home/hycon/workspace/subscriber_test/subscriber_node_cpp/my_subscriber_pkg/src/subscriber_node.cpp:11:109:[m[K [01;31m[Kerror: [m[Kexpected unqualified-id before numeric constant
[2.094s]    11 |                 "/turtle1/pose", 10, std::bind(&MinimalSubscriber::topic_callback, this, std::placeholders::[01;31m[K1[m[K))
[2.095s]       |                                                                                                             [01;31m[K^[m[K
[2.401s] gmake[2]: *** [CMakeFiles/subscriber_node.dir/build.make:76: CMakeFiles/subscriber_node.dir/src/subscriber_node.cpp.o] Error 1
[2.401s] gmake[1]: *** [CMakeFiles/Makefile2:137: CMakeFiles/subscriber_node.dir/all] Error 2
[2.401s] gmake: *** [Makefile:146: all] Error 2
[2.403s] Invoked command in '/home/hycon/workspace/subscriber_test/subscriber_node_cpp/my_subscriber_pkg/build/my_subscriber_pkg' returned '2': CMAKE_PREFIX_PATH=/opt/ros/humble /usr/bin/cmake --build /home/hycon/workspace/subscriber_test/subscriber_node_cpp/my_subscriber_pkg/build/my_subscriber_pkg -- -j16 -l16
