[0.007s] Invoking command in '/home/hycon/workspace/publisher_test/publisher_make_test/build/publisher_make_test': CMAKE_PREFIX_PATH=/opt/ros/humble /usr/bin/cmake --build /home/hycon/workspace/publisher_test/publisher_make_test/build/publisher_make_test -- -j16 -l16
[0.042s] [35m[1mConsolidate compiler generated dependencies of target publisher_node[0m
[0.065s] [ 50%] [32mBuilding CXX object CMakeFiles/publisher_node.dir/src/publisher_node.cpp.o[0m
[1.390s] [01m[K/home/hycon/workspace/publisher_test/publisher_make_test/src/publisher_node.cpp:[m[K In constructor â€˜[01m[KTwistPublisher::TwistPublisher()[m[Kâ€™:
[1.390s] [01m[K/home/hycon/workspace/publisher_test/publisher_make_test/src/publisher_node.cpp:9:64:[m[K [01;31m[Kerror: [m[Kâ€˜[01m[Kmsgs[m[Kâ€™ is not a member of â€˜[01m[Kgeometry_msgs[m[Kâ€™; did you mean â€˜[01m[Kmsg[m[Kâ€™?
[1.390s]     9 |             publisher_ = this->create_publisher<geometry_msgs::[01;31m[Kmsgs[m[K::Twist>("/turtle1/cmd_vel", 10);
[1.390s]       |                                                                [01;31m[K^~~~[m[K
[1.390s]       |                                                                [32m[Kmsg[m[K
[1.390s] [01m[K/home/hycon/workspace/publisher_test/publisher_make_test/src/publisher_node.cpp:9:32:[m[K [01;31m[Kerror: [m[Kparse error in template argument list
[1.390s]     9 |             publisher_ = this->[01;31m[Kcreate_publisher<geometry_msgs::msgs::Twist>[m[K("/turtle1/cmd_vel", 10);
[1.390s]       |                                [01;31m[K^~~~~~~~~~~~~~~~~~~~~~~~~~~~~~~~~~~~~~~~~~~~[m[K
[1.390s] [01m[K/home/hycon/workspace/publisher_test/publisher_make_test/src/publisher_node.cpp:9:76:[m[K [01;31m[Kerror: [m[Kno matching function for call to â€˜[01m[KTwistPublisher::create_publisher<<expression error> >(const char [17], int)[m[Kâ€™
[1.390s]     9 |             publisher_ = [01;31m[Kthis->create_publisher<geometry_msgs::msgs::Twist>("/turtle1/cmd_vel", 10)[m[K;
[1.390s]       |                          [01;31m[K~~~~~~~~~~~~~~~~~~~~~~~~~~~~~~~~~~~~~~~~~~~~~~~~~~^~~~~~~~~~~~~~~~~~~~~~~~[m[K
[1.390s] In file included from [01m[K/opt/ros/humble/include/rclcpp/rclcpp/executors/single_threaded_executor.hpp:28[m[K,
[1.390s]                  from [01m[K/opt/ros/humble/include/rclcpp/rclcpp/executors.hpp:22[m[K,
[1.391s]                  from [01m[K/opt/ros/humble/include/rclcpp/rclcpp/rclcpp.hpp:155[m[K,
[1.391s]                  from [01m[K/home/hycon/workspace/publisher_test/publisher_make_test/src/publisher_node.cpp:1[m[K:
[1.391s] [01m[K/opt/ros/humble/include/rclcpp/rclcpp/node.hpp:195:3:[m[K [01;36m[Knote: [m[Kcandidate: â€˜[01m[Ktemplate<class MessageT, class AllocatorT, class PublisherT> std::shared_ptr<PublisherT> rclcpp::Node::create_publisher(const string&, const rclcpp::QoS&, const rclcpp::PublisherOptionsWithAllocator<AllocatorT>&)[m[Kâ€™
[1.391s]   195 |   [01;36m[Kcreate_publisher[m[K(
[1.391s]       |   [01;36m[K^~~~~~~~~~~~~~~~[m[K
[1.391s] [01m[K/opt/ros/humble/include/rclcpp/rclcpp/node.hpp:195:3:[m[K [01;36m[Knote: [m[K  template argument deduction/substitution failed:
[1.391s] [01m[K/home/hycon/workspace/publisher_test/publisher_make_test/src/publisher_node.cpp:9:76:[m[K [01;31m[Kerror: [m[Ktemplate argument 1 is invalid
[1.391s]     9 |             publisher_ = [01;31m[Kthis->create_publisher<geometry_msgs::msgs::Twist>("/turtle1/cmd_vel", 10)[m[K;
[1.391s]       |                          [01;31m[K~~~~~~~~~~~~~~~~~~~~~~~~~~~~~~~~~~~~~~~~~~~~~~~~~~^~~~~~~~~~~~~~~~~~~~~~~~[m[K
[1.730s] gmake[2]: *** [CMakeFiles/publisher_node.dir/build.make:76: CMakeFiles/publisher_node.dir/src/publisher_node.cpp.o] Error 1
[1.731s] gmake[1]: *** [CMakeFiles/Makefile2:137: CMakeFiles/publisher_node.dir/all] Error 2
[1.731s] gmake: *** [Makefile:146: all] Error 2
[1.734s] Invoked command in '/home/hycon/workspace/publisher_test/publisher_make_test/build/publisher_make_test' returned '2': CMAKE_PREFIX_PATH=/opt/ros/humble /usr/bin/cmake --build /home/hycon/workspace/publisher_test/publisher_make_test/build/publisher_make_test -- -j16 -l16
