[0.008s] Invoking command in '/home/hycon/workspace/subscriber_test/subscriber_node_cpp/my_subscriber_pkg/build/my_subscriber_pkg': CMAKE_PREFIX_PATH=/opt/ros/humble /usr/bin/cmake --build /home/hycon/workspace/subscriber_test/subscriber_node_cpp/my_subscriber_pkg/build/my_subscriber_pkg -- -j16 -l16
[0.062s] [35m[1mConsolidate compiler generated dependencies of target subscriber_node[0m
[0.094s] [ 50%] [32mBuilding CXX object CMakeFiles/subscriber_node.dir/src/subscriber_node.cpp.o[0m
[1.689s] [01m[K/home/hycon/workspace/subscriber_test/subscriber_node_cpp/my_subscriber_pkg/src/subscriber_node.cpp:[m[K In constructor â€˜[01m[KMinimalSubscriber::MinimalSubscriber()[m[Kâ€™:
[1.689s] [01m[K/home/hycon/workspace/subscriber_test/subscriber_node_cpp/my_subscriber_pkg/src/subscriber_node.cpp:12:9:[m[K [01;31m[Kerror: [m[Kexpected â€˜[01m[K;[m[Kâ€™ before â€˜[01m[K}[m[Kâ€™ token
[1.689s]    12 |         [01;31m[K}[m[K
[1.689s]       |         [01;31m[K^[m[K
[3.336s] gmake[2]: *** [CMakeFiles/subscriber_node.dir/build.make:76: CMakeFiles/subscriber_node.dir/src/subscriber_node.cpp.o] Error 1
[3.336s] gmake[1]: *** [CMakeFiles/Makefile2:137: CMakeFiles/subscriber_node.dir/all] Error 2
[3.336s] gmake: *** [Makefile:146: all] Error 2
[3.339s] Invoked command in '/home/hycon/workspace/subscriber_test/subscriber_node_cpp/my_subscriber_pkg/build/my_subscriber_pkg' returned '2': CMAKE_PREFIX_PATH=/opt/ros/humble /usr/bin/cmake --build /home/hycon/workspace/subscriber_test/subscriber_node_cpp/my_subscriber_pkg/build/my_subscriber_pkg -- -j16 -l16
