[0.008s] Invoking command in '/home/hycon/workspace/service_client_test/service_client_test/build/service_client_test': CMAKE_PREFIX_PATH=/opt/ros/humble /usr/bin/cmake --build /home/hycon/workspace/service_client_test/service_client_test/build/service_client_test -- -j16 -l16
[0.046s] [ 50%] [32mBuilding CXX object CMakeFiles/service_client.dir/src/service_client.cpp.o[0m
[1.526s] [01m[K/home/hycon/workspace/service_client_test/service_client_test/src/service_client.cpp:11:9:[m[K [01;31m[Kerror: [m[KISO C++ forbids declaration of â€˜[01m[KTelportClient[m[Kâ€™ with no type [[01;31m[K]8;;https://gcc.gnu.org/onlinedocs/gcc/Warning-Options.html#index-fpermissive-fpermissive]8;;[m[K]
[1.526s]    11 |         [01;31m[KTelportClient[m[K() : Node("client_test_node_cpp") {
[1.526s]       |         [01;31m[K^~~~~~~~~~~~~[m[K
[1.560s] [01m[K/home/hycon/workspace/service_client_test/service_client_test/src/service_client.cpp:[m[K In member function â€˜[01m[Kint TeleportClient::TelportClient()[m[Kâ€™:
[1.560s] [01m[K/home/hycon/workspace/service_client_test/service_client_test/src/service_client.cpp:11:27:[m[K [01;31m[Kerror: [m[Konly constructors take member initializers
[1.560s]    11 |         TelportClient() : [01;31m[KNode[m[K("client_test_node_cpp") {
[1.560s]       |                           [01;31m[K^~~~[m[K
[1.561s] [01m[K/home/hycon/workspace/service_client_test/service_client_test/src/service_client.cpp:25:58:[m[K [01;31m[Kerror: [m[Kinvalid use of non-static member function â€˜[01m[Krclcpp::node_interfaces::NodeBaseInterface::SharedPtr rclcpp::Node::get_node_base_interface()[m[Kâ€™
[1.562s]    25 |             if (rclcpp::spin_until_future_complete([01;31m[Kthis->get_node_base_interface[m[K) == rclcpp::FutureReuturnCode::SUCCESS) {
[1.562s]       |                                                    [01;31m[K~~~~~~^~~~~~~~~~~~~~~~~~~~~~~[m[K
[1.562s] In file included from [01m[K/opt/ros/humble/include/rclcpp/rclcpp/executors/single_threaded_executor.hpp:28[m[K,
[1.562s]                  from [01m[K/opt/ros/humble/include/rclcpp/rclcpp/executors.hpp:22[m[K,
[1.562s]                  from [01m[K/opt/ros/humble/include/rclcpp/rclcpp/rclcpp.hpp:155[m[K,
[1.562s]                  from [01m[K/home/hycon/workspace/service_client_test/service_client_test/src/service_client.cpp:1[m[K:
[1.562s] [01m[K/opt/ros/humble/include/rclcpp/rclcpp/node.hpp:1131:3:[m[K [01;36m[Knote: [m[Kdeclared here
[1.562s]  1131 |   [01;36m[Kget_node_base_interface[m[K();
[1.562s]       |   [01;36m[K^~~~~~~~~~~~~~~~~~~~~~~[m[K
[1.562s] [01m[K/home/hycon/workspace/service_client_test/service_client_test/src/service_client.cpp:25:94:[m[K [01;31m[Kerror: [m[Kâ€˜[01m[Krclcpp::FutureReuturnCode[m[Kâ€™ has not been declared
[1.562s]    25 |             if (rclcpp::spin_until_future_complete(this->get_node_base_interface) == rclcpp::[01;31m[KFutureReuturnCode[m[K::SUCCESS) {
[1.562s]       |                                                                                              [01;31m[K^~~~~~~~~~~~~~~~~[m[K
[1.562s] [01m[K/home/hycon/workspace/service_client_test/service_client_test/src/service_client.cpp:30:9:[m[K [01;35m[Kwarning: [m[Kno return statement in function returning non-void [[01;35m[K]8;;https://gcc.gnu.org/onlinedocs/gcc/Warning-Options.html#index-Wreturn-type-Wreturn-type]8;;[m[K]
[1.562s]    30 |         [01;35m[K}[m[K
[1.562s]       |         [01;35m[K^[m[K
[1.566s] [01m[K/home/hycon/workspace/service_client_test/service_client_test/src/service_client.cpp:[m[K In function â€˜[01m[Kint main(int, char**)[m[Kâ€™:
[1.566s] [01m[K/home/hycon/workspace/service_client_test/service_client_test/src/service_client.cpp:38:35:[m[K [01;31m[Kerror: [m[Kâ€˜[01m[KTeleopClient[m[Kâ€™ was not declared in this scope; did you mean â€˜[01m[KTeleportClient[m[Kâ€™?
[1.566s]    38 |     rclcpp::spin(std::make_shared<[01;31m[KTeleopClient[m[K>());
[1.566s]       |                                   [01;31m[K^~~~~~~~~~~~[m[K
[1.566s]       |                                   [32m[KTeleportClient[m[K
[1.566s] [01m[K/home/hycon/workspace/service_client_test/service_client_test/src/service_client.cpp:38:48:[m[K [01;31m[Kerror: [m[Kno matching function for call to â€˜[01m[Kmake_shared<<expression error> >()[m[Kâ€™
[1.566s]    38 |     rclcpp::spin([01;31m[Kstd::make_shared<TeleopClient>()[m[K);
[1.566s]       |                  [01;31m[K~~~~~~~~~~~~~~~~~~~~~~~~~~~~~~^~[m[K
[1.566s] In file included from [01m[K/usr/include/c++/11/memory:77[m[K,
[1.566s]                  from [01m[K/opt/ros/humble/include/rclcpp/rclcpp/rclcpp.hpp:153[m[K,
[1.566s]                  from [01m[K/home/hycon/workspace/service_client_test/service_client_test/src/service_client.cpp:1[m[K:
[1.566s] [01m[K/usr/include/c++/11/bits/shared_ptr.h:875:5:[m[K [01;36m[Knote: [m[Kcandidate: â€˜[01m[Ktemplate<class _Tp, class ... _Args> std::shared_ptr<_Tp> std::make_shared(_Args&& ...)[m[Kâ€™
[1.566s]   875 |     [01;36m[Kmake_shared[m[K(_Args&&... __args)
[1.566s]       |     [01;36m[K^~~~~~~~~~~[m[K
[1.566s] [01m[K/usr/include/c++/11/bits/shared_ptr.h:875:5:[m[K [01;36m[Knote: [m[K  template argument deduction/substitution failed:
[1.566s] [01m[K/home/hycon/workspace/service_client_test/service_client_test/src/service_client.cpp:38:48:[m[K [01;31m[Kerror: [m[Ktemplate argument 1 is invalid
[1.566s]    38 |     rclcpp::spin([01;31m[Kstd::make_shared<TeleopClient>()[m[K);
[1.566s]       |                  [01;31m[K~~~~~~~~~~~~~~~~~~~~~~~~~~~~~~^~[m[K
[1.925s] gmake[2]: *** [CMakeFiles/service_client.dir/build.make:76: CMakeFiles/service_client.dir/src/service_client.cpp.o] Error 1
[1.926s] gmake[1]: *** [CMakeFiles/Makefile2:137: CMakeFiles/service_client.dir/all] Error 2
[1.926s] gmake: *** [Makefile:146: all] Error 2
[1.928s] Invoked command in '/home/hycon/workspace/service_client_test/service_client_test/build/service_client_test' returned '2': CMAKE_PREFIX_PATH=/opt/ros/humble /usr/bin/cmake --build /home/hycon/workspace/service_client_test/service_client_test/build/service_client_test -- -j16 -l16
