[0.008s] Invoking command in '/home/hycon/workspace/subscriber_test/subscriber_node_cpp/my_subscriber_pkg/build/my_subscriber_pkg': CMAKE_PREFIX_PATH=/opt/ros/humble /usr/bin/cmake --build /home/hycon/workspace/subscriber_test/subscriber_node_cpp/my_subscriber_pkg/build/my_subscriber_pkg -- -j16 -l16
[0.060s] [35m[1mConsolidate compiler generated dependencies of target subscriber_node[0m
[0.084s] [ 50%] [32mBuilding CXX object CMakeFiles/subscriber_node.dir/src/subscriber_node.cpp.o[0m
[1.675s] [01m[K/home/hycon/workspace/subscriber_test/subscriber_node_cpp/my_subscriber_pkg/src/subscriber_node.cpp:[m[K In constructor â€˜[01m[KMinimalSubscriber::MinimalSubscriber()[m[Kâ€™:
[1.675s] [01m[K/home/hycon/workspace/subscriber_test/subscriber_node_cpp/my_subscriber_pkg/src/subscriber_node.cpp:12:9:[m[K [01;31m[Kerror: [m[Kexpected â€˜[01m[K;[m[Kâ€™ before â€˜[01m[K}[m[Kâ€™ token
[1.675s]    12 |         [01;31m[K}[m[K
[1.675s]       |         [01;31m[K^[m[K
[1.678s] In file included from [01m[K/opt/ros/humble/include/rclcpp/rclcpp/logging.hpp:24[m[K,
[1.678s]                  from [01m[K/opt/ros/humble/include/rclcpp/rclcpp/client.hpp:40[m[K,
[1.678s]                  from [01m[K/opt/ros/humble/include/rclcpp/rclcpp/callback_group.hpp:24[m[K,
[1.678s]                  from [01m[K/opt/ros/humble/include/rclcpp/rclcpp/any_executable.hpp:20[m[K,
[1.678s]                  from [01m[K/opt/ros/humble/include/rclcpp/rclcpp/memory_strategy.hpp:25[m[K,
[1.678s]                  from [01m[K/opt/ros/humble/include/rclcpp/rclcpp/memory_strategies.hpp:18[m[K,
[1.678s]                  from [01m[K/opt/ros/humble/include/rclcpp/rclcpp/executor_options.hpp:20[m[K,
[1.678s]                  from [01m[K/opt/ros/humble/include/rclcpp/rclcpp/executor.hpp:37[m[K,
[1.678s]                  from [01m[K/opt/ros/humble/include/rclcpp/rclcpp/executors/multi_threaded_executor.hpp:25[m[K,
[1.678s]                  from [01m[K/opt/ros/humble/include/rclcpp/rclcpp/executors.hpp:21[m[K,
[1.678s]                  from [01m[K/opt/ros/humble/include/rclcpp/rclcpp/rclcpp.hpp:155[m[K,
[1.678s]                  from [01m[K/home/hycon/workspace/subscriber_test/subscriber_node_cpp/my_subscriber_pkg/src/subscriber_node.cpp:1[m[K:
[1.678s] [01m[K/home/hycon/workspace/subscriber_test/subscriber_node_cpp/my_subscriber_pkg/src/subscriber_node.cpp:[m[K In member function â€˜[01m[Kvoid MinimalSubscriber::topic_callback(turtlesim::msg::Pose_<std::allocator<void> >::SharedPtr) const[m[Kâ€™:
[1.678s] [01m[K/home/hycon/workspace/subscriber_test/subscriber_node_cpp/my_subscriber_pkg/src/subscriber_node.cpp:18:41:[m[K [01;35m[Kwarning: [m[Kformat â€˜[01m[K%s[m[Kâ€™ expects argument of type â€˜[01m[Kchar*[m[Kâ€™, but argument 6 has type â€˜[01m[Kdouble[m[Kâ€™ [[01;35m[K]8;;https://gcc.gnu.org/onlinedocs/gcc/Warning-Options.html#index-Wformat=-Wformat=]8;;[m[K]
[1.678s]    18 |         RCLCPP_INFO(this->get_logger(), [01;35m[K"/turtle1/pose: x = %.2f, y = %.s2f, theta = %.2f"[m[K, msg->x, [32m[Kmsg->y[m[K, msg->theta);
[1.678s]       |                                         [01;35m[K^~~~~~~~~~~~~~~~~~~~~~~~~~~~~~~~~~~~~~~~~~~~~~~~~~[m[K          [32m[K~~~~~~[m[K
[1.678s]       |                                                                                                          [32m[K|[m[K
[1.678s]       |                                                                                                          [32m[Kdouble[m[K
[1.679s] [01m[K/home/hycon/workspace/subscriber_test/subscriber_node_cpp/my_subscriber_pkg/src/subscriber_node.cpp:18:73:[m[K [01;36m[Knote: [m[Kformat string is defined here
[1.679s]    18 | PP_INFO(this->get_logger(), "/turtle1/pose: x = %.2f, y = [01;36m[K%.s[m[K2f, theta = %.2f", msg->x, msg->y, msg->theta);
[1.679s]       |                                                           [01;36m[K~~^[m[K
[1.679s]       |                                                             [01;36m[K|[m[K
[1.679s]       |                                                             [01;36m[Kchar*[m[K
[1.679s]       |                                                           [32m[K%.f[m[K
[3.394s] gmake[2]: *** [CMakeFiles/subscriber_node.dir/build.make:76: CMakeFiles/subscriber_node.dir/src/subscriber_node.cpp.o] Error 1
[3.394s] gmake[1]: *** [CMakeFiles/Makefile2:137: CMakeFiles/subscriber_node.dir/all] Error 2
[3.395s] gmake: *** [Makefile:146: all] Error 2
[3.397s] Invoked command in '/home/hycon/workspace/subscriber_test/subscriber_node_cpp/my_subscriber_pkg/build/my_subscriber_pkg' returned '2': CMAKE_PREFIX_PATH=/opt/ros/humble /usr/bin/cmake --build /home/hycon/workspace/subscriber_test/subscriber_node_cpp/my_subscriber_pkg/build/my_subscriber_pkg -- -j16 -l16
