[35m[1mConsolidate compiler generated dependencies of target subscriber_node[0m
[ 50%] [32mBuilding CXX object CMakeFiles/subscriber_node.dir/src/subscriber_node.cpp.o[0m
[01m[K/home/hycon/workspace/subscriber_test/subscriber_node_cpp/my_subscriber_pkg/src/subscriber_node.cpp:[m[K In constructor â€˜[01m[KMinimalSubscriber::MinimalSubscriber()[m[Kâ€™:
[01m[K/home/hycon/workspace/subscriber_test/subscriber_node_cpp/my_subscriber_pkg/src/subscriber_node.cpp:11:109:[m[K [01;31m[Kerror: [m[Kexpected unqualified-id before numeric constant
   11 |                 "/turtle1/pose", 10, std::bind(&MinimalSubscriber::topic_callback, this, std::placeholders::[01;31m[K1[m[K))
      |                                                                                                             [01;31m[K^[m[K
[01m[K/home/hycon/workspace/subscriber_test/subscriber_node_cpp/my_subscriber_pkg/src/subscriber_node.cpp:[m[K In member function â€˜[01m[Kvoid MinimalSubscriber::topic_callback(turtlesim::msg::Pose_<std::allocator<void> >::SharedPtr) const[m[Kâ€™:
[01m[K/home/hycon/workspace/subscriber_test/subscriber_node_cpp/my_subscriber_pkg/src/subscriber_node.cpp:18:9:[m[K [01;31m[Kerror: [m[Kâ€˜[01m[KRCLCPP_IMFO[m[Kâ€™ was not declared in this scope; did you mean â€˜[01m[KRCLCPP_INFO[m[Kâ€™?
   18 |         [01;31m[KRCLCPP_IMFO[m[K(this->get_logger(), "/turtle1/pose: x = %.2f, y = %.s2f, theta = %.2f", msg->x, msg->y, msg->theta);
      |         [01;31m[K^~~~~~~~~~~[m[K
      |         [32m[KRCLCPP_INFO[m[K
gmake[2]: *** [CMakeFiles/subscriber_node.dir/build.make:76: CMakeFiles/subscriber_node.dir/src/subscriber_node.cpp.o] Error 1
gmake[1]: *** [CMakeFiles/Makefile2:137: CMakeFiles/subscriber_node.dir/all] Error 2
gmake: *** [Makefile:146: all] Error 2
